[0.140s] DEBUG:colcon:Command line arguments: ['/usr/bin/colcon', 'build']
[0.140s] DEBUG:colcon:Parsed command line arguments: Namespace(ament_cmake_args=None, base_paths=['.'], build_base='build', catkin_cmake_args=None, catkin_skip_building_tests=False, cmake_args=None, cmake_clean_cache=False, cmake_clean_first=False, cmake_force_configure=False, cmake_target=None, cmake_target_skip_unavailable=False, continue_on_error=False, event_handlers=None, executor='parallel', ignore_user_meta=False, install_base='install', log_base=None, log_level=None, main=<bound method BuildVerb.main of <colcon_core.verb.build.BuildVerb object at 0x7f85602bbd30>>, merge_install=False, metas=['./colcon.meta'], packages_above=None, packages_above_and_dependencies=None, packages_above_depth=None, packages_end=None, packages_ignore=None, packages_ignore_regex=None, packages_select=None, packages_select_build_failed=False, packages_select_by_dep=None, packages_select_regex=None, packages_select_test_failures=False, packages_skip=None, packages_skip_build_finished=False, packages_skip_by_dep=None, packages_skip_regex=None, packages_skip_test_passed=False, packages_skip_up_to=None, packages_start=None, packages_up_to=None, packages_up_to_regex=None, parallel_workers=12, paths=None, symlink_install=False, test_result_base=None, verb_extension=<colcon_core.verb.build.BuildVerb object at 0x7f85602bbd30>, verb_name='build', verb_parser=<colcon_defaults.argument_parser.defaults.DefaultArgumentsDecorator object at 0x7f85602c10b8>)
[0.145s] Level 1:colcon.colcon_core.package_discovery:discover_packages(colcon_meta) check parameters
[0.145s] Level 1:colcon.colcon_core.package_discovery:discover_packages(recursive) check parameters
[0.145s] Level 1:colcon.colcon_core.package_discovery:discover_packages(ignore) check parameters
[0.145s] Level 1:colcon.colcon_core.package_discovery:discover_packages(path) check parameters
[0.145s] Level 1:colcon.colcon_core.package_discovery:discover_packages(colcon_meta) discover
[0.145s] Level 1:colcon.colcon_core.package_discovery:discover_packages(recursive) discover
[0.145s] INFO:colcon.colcon_core.package_discovery:Crawling recursively for packages in '/home/bhagwat/ros2_ws'
[0.145s] Level 1:colcon.colcon_core.package_identification:_identify(.) by extensions ['ignore', 'ignore_ament_install']
[0.145s] Level 1:colcon.colcon_core.package_identification:_identify(.) by extension 'ignore'
[0.145s] Level 1:colcon.colcon_core.package_identification:_identify(.) by extension 'ignore_ament_install'
[0.145s] Level 1:colcon.colcon_core.package_identification:_identify(.) by extensions ['colcon_pkg']
[0.145s] Level 1:colcon.colcon_core.package_identification:_identify(.) by extension 'colcon_pkg'
[0.145s] Level 1:colcon.colcon_core.package_identification:_identify(.) by extensions ['colcon_meta']
[0.145s] Level 1:colcon.colcon_core.package_identification:_identify(.) by extension 'colcon_meta'
[0.146s] Level 1:colcon.colcon_core.package_identification:_identify(.) by extensions ['ros']
[0.146s] Level 1:colcon.colcon_core.package_identification:_identify(.) by extension 'ros'
[0.154s] Level 1:colcon.colcon_core.package_identification:_identify(.) by extensions ['cmake', 'python']
[0.154s] Level 1:colcon.colcon_core.package_identification:_identify(.) by extension 'cmake'
[0.154s] Level 1:colcon.colcon_core.package_identification:_identify(.) by extension 'python'
[0.154s] Level 1:colcon.colcon_core.package_identification:_identify(.) by extensions ['python_setup_py']
[0.154s] Level 1:colcon.colcon_core.package_identification:_identify(.) by extension 'python_setup_py'
[0.154s] Level 1:colcon.colcon_core.package_identification:_identify(build) by extensions ['ignore', 'ignore_ament_install']
[0.154s] Level 1:colcon.colcon_core.package_identification:_identify(build) by extension 'ignore'
[0.154s] Level 1:colcon.colcon_core.package_identification:_identify(build) ignored
[0.155s] Level 1:colcon.colcon_core.package_identification:_identify(install) by extensions ['ignore', 'ignore_ament_install']
[0.155s] Level 1:colcon.colcon_core.package_identification:_identify(install) by extension 'ignore'
[0.155s] Level 1:colcon.colcon_core.package_identification:_identify(install) ignored
[0.155s] Level 1:colcon.colcon_core.package_identification:_identify(log) by extensions ['ignore', 'ignore_ament_install']
[0.155s] Level 1:colcon.colcon_core.package_identification:_identify(log) by extension 'ignore'
[0.155s] Level 1:colcon.colcon_core.package_identification:_identify(log) ignored
[0.155s] Level 1:colcon.colcon_core.package_identification:_identify(src) by extensions ['ignore', 'ignore_ament_install']
[0.155s] Level 1:colcon.colcon_core.package_identification:_identify(src) by extension 'ignore'
[0.155s] Level 1:colcon.colcon_core.package_identification:_identify(src) by extension 'ignore_ament_install'
[0.155s] Level 1:colcon.colcon_core.package_identification:_identify(src) by extensions ['colcon_pkg']
[0.155s] Level 1:colcon.colcon_core.package_identification:_identify(src) by extension 'colcon_pkg'
[0.155s] Level 1:colcon.colcon_core.package_identification:_identify(src) by extensions ['colcon_meta']
[0.155s] Level 1:colcon.colcon_core.package_identification:_identify(src) by extension 'colcon_meta'
[0.156s] Level 1:colcon.colcon_core.package_identification:_identify(src) by extensions ['ros']
[0.156s] Level 1:colcon.colcon_core.package_identification:_identify(src) by extension 'ros'
[0.156s] Level 1:colcon.colcon_core.package_identification:_identify(src) by extensions ['cmake', 'python']
[0.156s] Level 1:colcon.colcon_core.package_identification:_identify(src) by extension 'cmake'
[0.156s] Level 1:colcon.colcon_core.package_identification:_identify(src) by extension 'python'
[0.156s] Level 1:colcon.colcon_core.package_identification:_identify(src) by extensions ['python_setup_py']
[0.156s] Level 1:colcon.colcon_core.package_identification:_identify(src) by extension 'python_setup_py'
[0.156s] Level 1:colcon.colcon_core.package_identification:_identify(src/heartbeat_node) by extensions ['ignore', 'ignore_ament_install']
[0.156s] Level 1:colcon.colcon_core.package_identification:_identify(src/heartbeat_node) by extension 'ignore'
[0.156s] Level 1:colcon.colcon_core.package_identification:_identify(src/heartbeat_node) by extension 'ignore_ament_install'
[0.156s] Level 1:colcon.colcon_core.package_identification:_identify(src/heartbeat_node) by extensions ['colcon_pkg']
[0.156s] Level 1:colcon.colcon_core.package_identification:_identify(src/heartbeat_node) by extension 'colcon_pkg'
[0.156s] Level 1:colcon.colcon_core.package_identification:_identify(src/heartbeat_node) by extensions ['colcon_meta']
[0.156s] Level 1:colcon.colcon_core.package_identification:_identify(src/heartbeat_node) by extension 'colcon_meta'
[0.156s] Level 1:colcon.colcon_core.package_identification:_identify(src/heartbeat_node) by extensions ['ros']
[0.156s] Level 1:colcon.colcon_core.package_identification:_identify(src/heartbeat_node) by extension 'ros'
[0.158s] DEBUG:colcon.colcon_core.package_identification:Package 'src/heartbeat_node' with type 'ros.ament_cmake' and name 'heartbeat_node'
[0.158s] Level 1:colcon.colcon_core.package_discovery:discover_packages(recursive) using defaults
[0.158s] Level 1:colcon.colcon_core.package_discovery:discover_packages(ignore) discover
[0.158s] Level 1:colcon.colcon_core.package_discovery:discover_packages(ignore) using defaults
[0.158s] Level 1:colcon.colcon_core.package_discovery:discover_packages(path) discover
[0.158s] Level 1:colcon.colcon_core.package_discovery:discover_packages(path) using defaults
[0.176s] Level 5:colcon.colcon_core.verb:set package 'heartbeat_node' build argument 'cmake_args' from command line to 'None'
[0.176s] Level 5:colcon.colcon_core.verb:set package 'heartbeat_node' build argument 'cmake_target' from command line to 'None'
[0.176s] Level 5:colcon.colcon_core.verb:set package 'heartbeat_node' build argument 'cmake_target_skip_unavailable' from command line to 'False'
[0.176s] Level 5:colcon.colcon_core.verb:set package 'heartbeat_node' build argument 'cmake_clean_cache' from command line to 'False'
[0.176s] Level 5:colcon.colcon_core.verb:set package 'heartbeat_node' build argument 'cmake_clean_first' from command line to 'False'
[0.176s] Level 5:colcon.colcon_core.verb:set package 'heartbeat_node' build argument 'cmake_force_configure' from command line to 'False'
[0.176s] Level 5:colcon.colcon_core.verb:set package 'heartbeat_node' build argument 'ament_cmake_args' from command line to 'None'
[0.176s] Level 5:colcon.colcon_core.verb:set package 'heartbeat_node' build argument 'catkin_cmake_args' from command line to 'None'
[0.176s] Level 5:colcon.colcon_core.verb:set package 'heartbeat_node' build argument 'catkin_skip_building_tests' from command line to 'False'
[0.176s] DEBUG:colcon.colcon_core.verb:Building package 'heartbeat_node' with the following arguments: {'ament_cmake_args': None, 'build_base': '/home/bhagwat/ros2_ws/build/heartbeat_node', 'catkin_cmake_args': None, 'catkin_skip_building_tests': False, 'cmake_args': None, 'cmake_clean_cache': False, 'cmake_clean_first': False, 'cmake_force_configure': False, 'cmake_target': None, 'cmake_target_skip_unavailable': False, 'install_base': '/home/bhagwat/ros2_ws/install/heartbeat_node', 'merge_install': False, 'path': '/home/bhagwat/ros2_ws/src/heartbeat_node', 'symlink_install': False, 'test_result_base': None}
[0.176s] INFO:colcon.colcon_core.executor:Executing jobs using 'parallel' executor
[0.178s] DEBUG:colcon.colcon_parallel_executor.executor.parallel:run_until_complete
[0.178s] INFO:colcon.colcon_ros.task.ament_cmake.build:Building ROS package in '/home/bhagwat/ros2_ws/src/heartbeat_node' with build type 'ament_cmake'
[0.178s] INFO:colcon.colcon_cmake.task.cmake.build:Building CMake package in '/home/bhagwat/ros2_ws/src/heartbeat_node'
[0.181s] INFO:colcon.colcon_core.plugin_system:Skipping extension 'colcon_core.shell.bat': Not used on non-Windows systems
[0.182s] INFO:colcon.colcon_core.shell:Skip shell extension 'powershell' for command environment: Not usable outside of PowerShell
[0.182s] DEBUG:colcon.colcon_core.shell:Skip shell extension 'dsv' for command environment
[0.184s] DEBUG:colcon.colcon_core.shell:Ignoring prefix path '/opt/ros/dashing'
[0.184s] DEBUG:colcon.colcon_core.shell:Ignoring prefix path '/home/bhagwat/catkin_ws/devel'
[0.184s] DEBUG:colcon.colcon_core.shell:Ignoring prefix path '/opt/ros/melodic'
[0.199s] DEBUG:colcon.colcon_core.event_handler.log_command:Invoking command in '/home/bhagwat/ros2_ws/build/heartbeat_node': CMAKE_PREFIX_PATH=/home/bhagwat/ros2_ws/install/heartbeat_node:/opt/ros/dashing:/home/bhagwat/catkin_ws/devel:/opt/ros/melodic /usr/local/bin/cmake --build /home/bhagwat/ros2_ws/build/heartbeat_node -- -j12 -l12
[2.043s] DEBUG:colcon.colcon_core.event_handler.log_command:Invoked command in '/home/bhagwat/ros2_ws/build/heartbeat_node' returned '0': CMAKE_PREFIX_PATH=/home/bhagwat/ros2_ws/install/heartbeat_node:/opt/ros/dashing:/home/bhagwat/catkin_ws/devel:/opt/ros/melodic /usr/local/bin/cmake --build /home/bhagwat/ros2_ws/build/heartbeat_node -- -j12 -l12
[2.061s] DEBUG:colcon.colcon_core.event_handler.log_command:Invoking command in '/home/bhagwat/ros2_ws/build/heartbeat_node': CMAKE_PREFIX_PATH=/home/bhagwat/ros2_ws/install/heartbeat_node:/opt/ros/dashing:/home/bhagwat/catkin_ws/devel:/opt/ros/melodic /usr/local/bin/cmake --install /home/bhagwat/ros2_ws/build/heartbeat_node
[2.065s] Level 1:colcon.colcon_core.environment:create_environment_scripts_only(heartbeat_node)
[2.066s] DEBUG:colcon.colcon_core.event_handler.log_command:Invoked command in '/home/bhagwat/ros2_ws/build/heartbeat_node' returned '0': CMAKE_PREFIX_PATH=/home/bhagwat/ros2_ws/install/heartbeat_node:/opt/ros/dashing:/home/bhagwat/catkin_ws/devel:/opt/ros/melodic /usr/local/bin/cmake --install /home/bhagwat/ros2_ws/build/heartbeat_node
[2.068s] Level 1:colcon.colcon_core.environment:checking '/home/bhagwat/ros2_ws/install/heartbeat_node' for CMake module files
[2.068s] Level 1:colcon.colcon_core.environment:checking '/home/bhagwat/ros2_ws/install/heartbeat_node' for CMake config files
[2.069s] Level 1:colcon.colcon_core.shell:create_environment_hook('heartbeat_node', 'cmake_prefix_path')
[2.069s] INFO:colcon.colcon_core.shell:Creating environment hook '/home/bhagwat/ros2_ws/install/heartbeat_node/share/heartbeat_node/hook/cmake_prefix_path.ps1'
[2.070s] INFO:colcon.colcon_core.shell:Creating environment descriptor '/home/bhagwat/ros2_ws/install/heartbeat_node/share/heartbeat_node/hook/cmake_prefix_path.dsv'
[2.070s] INFO:colcon.colcon_core.shell:Creating environment hook '/home/bhagwat/ros2_ws/install/heartbeat_node/share/heartbeat_node/hook/cmake_prefix_path.sh'
[2.071s] Level 1:colcon.colcon_core.environment:checking '/home/bhagwat/ros2_ws/install/heartbeat_node/lib'
[2.071s] Level 1:colcon.colcon_core.environment:checking '/home/bhagwat/ros2_ws/install/heartbeat_node/bin'
[2.071s] Level 1:colcon.colcon_core.environment:checking '/home/bhagwat/ros2_ws/install/heartbeat_node/lib/pkgconfig/heartbeat_node.pc'
[2.071s] Level 1:colcon.colcon_core.environment:checking '/home/bhagwat/ros2_ws/install/heartbeat_node/lib/python3.6/site-packages'
[2.072s] INFO:colcon.colcon_core.shell:Creating package script '/home/bhagwat/ros2_ws/install/heartbeat_node/share/heartbeat_node/package.ps1'
[2.072s] INFO:colcon.colcon_core.shell:Creating package descriptor '/home/bhagwat/ros2_ws/install/heartbeat_node/share/heartbeat_node/package.dsv'
[2.073s] INFO:colcon.colcon_core.shell:Creating package script '/home/bhagwat/ros2_ws/install/heartbeat_node/share/heartbeat_node/package.sh'
[2.073s] INFO:colcon.colcon_core.shell:Creating package script '/home/bhagwat/ros2_ws/install/heartbeat_node/share/heartbeat_node/package.bash'
[2.074s] INFO:colcon.colcon_core.shell:Creating package script '/home/bhagwat/ros2_ws/install/heartbeat_node/share/heartbeat_node/package.zsh'
[2.074s] Level 1:colcon.colcon_core.environment:create_file_with_runtime_dependencies(/home/bhagwat/ros2_ws/install/heartbeat_node/share/colcon-core/packages/heartbeat_node)
[2.088s] Level 1:colcon.colcon_core.environment:create_environment_scripts_only(heartbeat_node)
[2.089s] Level 1:colcon.colcon_core.environment:checking '/home/bhagwat/ros2_ws/install/heartbeat_node' for CMake module files
[2.090s] Level 1:colcon.colcon_core.environment:checking '/home/bhagwat/ros2_ws/install/heartbeat_node' for CMake config files
[2.090s] Level 1:colcon.colcon_core.shell:create_environment_hook('heartbeat_node', 'cmake_prefix_path')
[2.090s] INFO:colcon.colcon_core.shell:Creating environment hook '/home/bhagwat/ros2_ws/install/heartbeat_node/share/heartbeat_node/hook/cmake_prefix_path.ps1'
[2.091s] INFO:colcon.colcon_core.shell:Creating environment descriptor '/home/bhagwat/ros2_ws/install/heartbeat_node/share/heartbeat_node/hook/cmake_prefix_path.dsv'
[2.091s] INFO:colcon.colcon_core.shell:Creating environment hook '/home/bhagwat/ros2_ws/install/heartbeat_node/share/heartbeat_node/hook/cmake_prefix_path.sh'
[2.092s] Level 1:colcon.colcon_core.environment:checking '/home/bhagwat/ros2_ws/install/heartbeat_node/lib'
[2.092s] Level 1:colcon.colcon_core.environment:checking '/home/bhagwat/ros2_ws/install/heartbeat_node/bin'
[2.092s] Level 1:colcon.colcon_core.environment:checking '/home/bhagwat/ros2_ws/install/heartbeat_node/lib/pkgconfig/heartbeat_node.pc'
[2.092s] Level 1:colcon.colcon_core.environment:checking '/home/bhagwat/ros2_ws/install/heartbeat_node/lib/python3.6/site-packages'
[2.093s] INFO:colcon.colcon_core.shell:Creating package script '/home/bhagwat/ros2_ws/install/heartbeat_node/share/heartbeat_node/package.ps1'
[2.093s] INFO:colcon.colcon_core.shell:Creating package descriptor '/home/bhagwat/ros2_ws/install/heartbeat_node/share/heartbeat_node/package.dsv'
[2.093s] INFO:colcon.colcon_core.shell:Creating package script '/home/bhagwat/ros2_ws/install/heartbeat_node/share/heartbeat_node/package.sh'
[2.094s] INFO:colcon.colcon_core.shell:Creating package script '/home/bhagwat/ros2_ws/install/heartbeat_node/share/heartbeat_node/package.bash'
[2.094s] INFO:colcon.colcon_core.shell:Creating package script '/home/bhagwat/ros2_ws/install/heartbeat_node/share/heartbeat_node/package.zsh'
[2.094s] Level 1:colcon.colcon_core.environment:create_file_with_runtime_dependencies(/home/bhagwat/ros2_ws/install/heartbeat_node/share/colcon-core/packages/heartbeat_node)
[2.095s] DEBUG:colcon.colcon_parallel_executor.executor.parallel:closing loop
[2.095s] DEBUG:colcon.colcon_parallel_executor.executor.parallel:loop closed
[2.095s] DEBUG:colcon.colcon_parallel_executor.executor.parallel:run_until_complete finished with '0'
[2.095s] DEBUG:colcon.colcon_core.event_reactor:joining thread
[2.100s] INFO:colcon.colcon_core.plugin_system:Skipping extension 'colcon_notification.desktop_notification.terminal_notifier': Not used on non-Darwin systems
[2.100s] INFO:colcon.colcon_core.plugin_system:Skipping extension 'colcon_notification.desktop_notification.win32': Not used on non-Windows systems
[2.100s] INFO:colcon.colcon_notification.desktop_notification:Sending desktop notification using 'notify2'
[2.110s] DEBUG:colcon.colcon_core.event_reactor:joined thread
[2.110s] INFO:colcon.colcon_core.shell:Creating prefix script '/home/bhagwat/ros2_ws/install/local_setup.ps1'
[2.111s] INFO:colcon.colcon_core.shell:Creating prefix util module '/home/bhagwat/ros2_ws/install/_local_setup_util_ps1.py'
[2.112s] INFO:colcon.colcon_core.shell:Creating prefix chain script '/home/bhagwat/ros2_ws/install/setup.ps1'
[2.114s] INFO:colcon.colcon_core.shell:Creating prefix script '/home/bhagwat/ros2_ws/install/local_setup.sh'
[2.115s] INFO:colcon.colcon_core.shell:Creating prefix util module '/home/bhagwat/ros2_ws/install/_local_setup_util_sh.py'
[2.115s] INFO:colcon.colcon_core.shell:Creating prefix chain script '/home/bhagwat/ros2_ws/install/setup.sh'
[2.117s] INFO:colcon.colcon_core.shell:Creating prefix script '/home/bhagwat/ros2_ws/install/local_setup.bash'
[2.118s] INFO:colcon.colcon_core.shell:Creating prefix chain script '/home/bhagwat/ros2_ws/install/setup.bash'
[2.120s] INFO:colcon.colcon_core.shell:Creating prefix script '/home/bhagwat/ros2_ws/install/local_setup.zsh'
[2.121s] INFO:colcon.colcon_core.shell:Creating prefix chain script '/home/bhagwat/ros2_ws/install/setup.zsh'
