[0.023s] Invoking command in '/home/bhagwat/ros2_ws/build/heartbeat_node': CMAKE_PREFIX_PATH=/home/bhagwat/ros2_ws/install/heartbeat_node:/opt/ros/dashing:/home/bhagwat/catkin_ws/devel:/opt/ros/melodic /usr/local/bin/cmake --build /home/bhagwat/ros2_ws/build/heartbeat_node -- -j12 -l12
[0.036s] -- Found ament_cmake: 0.7.6 (/opt/ros/dashing/share/ament_cmake/cmake)
[0.055s] -- Using PYTHON_EXECUTABLE: /usr/bin/python3
[0.225s] -- Found rclcpp: 0.7.15 (/opt/ros/dashing/share/rclcpp/cmake)
[0.235s] -- Found rosidl_adapter: 0.7.10 (/opt/ros/dashing/share/rosidl_adapter/cmake)
[0.257s] -- Found rmw_implementation_cmake: 0.7.2 (/opt/ros/dashing/share/rmw_implementation_cmake/cmake)
[0.257s] -- Using RMW implementation 'rmw_fastrtps_cpp' as default
[0.274s] -- Found geometry_msgs: 0.7.0 (/opt/ros/dashing/share/geometry_msgs/cmake)
[0.281s] -- Found ament_lint_auto: 0.7.12 (/opt/ros/dashing/share/ament_lint_auto/cmake)
[0.338s] -- Added test 'copyright' to check for copyright in CMake / C / C++ / Python code
[0.338s] -- Added test 'cppcheck' to perform static code analysis on C / C++ code
[0.338s] -- Configured cppcheck include dirs: 
[0.339s] -- Added test 'cpplint' to check C / C++ code against the Google style
[0.339s] -- Added test 'lint_cmake' to check CMake code style
[0.340s] -- Added test 'uncrustify' to check C / C++ code style
[0.340s] -- Added test 'xmllint' to check XML markup files
[0.340s] -- Configuring done
[0.347s] -- Generating done
[0.348s] -- Build files have been written to: /home/bhagwat/ros2_ws/build/heartbeat_node
[0.356s] [35m[1mConsolidate compiler generated dependencies of target heart_exec[0m
[0.364s] [ 50%] [32mBuilding CXX object CMakeFiles/heart_exec.dir/src/FM_TX_heartbeat.cpp.o[0m
[0.416s] [01m[K/home/bhagwat/ros2_ws/src/heartbeat_node/src/FM_TX_heartbeat.cpp:5:10:[m[K [01;31m[Kfatal error: [m[Kstd_msgs/Int32.h: No such file or directory
[0.416s]  #include [01;31m[K"std_msgs/Int32.h"[m[K
[0.417s]           [01;31m[K^~~~~~~~~~~~~~~~~~[m[K
[0.417s] compilation terminated.
[0.418s] make[2]: *** [CMakeFiles/heart_exec.dir/src/FM_TX_heartbeat.cpp.o] Error 1
[0.418s] CMakeFiles/heart_exec.dir/build.make:75: recipe for target 'CMakeFiles/heart_exec.dir/src/FM_TX_heartbeat.cpp.o' failed
[0.419s] CMakeFiles/Makefile2:83: recipe for target 'CMakeFiles/heart_exec.dir/all' failed
[0.419s] make[1]: *** [CMakeFiles/heart_exec.dir/all] Error 2
[0.419s] make: *** [all] Error 2
[0.419s] Makefile:145: recipe for target 'all' failed
[0.420s] Invoked command in '/home/bhagwat/ros2_ws/build/heartbeat_node' returned '2': CMAKE_PREFIX_PATH=/home/bhagwat/ros2_ws/install/heartbeat_node:/opt/ros/dashing:/home/bhagwat/catkin_ws/devel:/opt/ros/melodic /usr/local/bin/cmake --build /home/bhagwat/ros2_ws/build/heartbeat_node -- -j12 -l12
