[0.019s] Invoking command in '/home/bhagwat/ros2_ws/build/heartbeat_node': CMAKE_PREFIX_PATH=/opt/ros/dashing:${CMAKE_PREFIX_PATH} /usr/local/bin/cmake --build /home/bhagwat/ros2_ws/build/heartbeat_node -- -j12 -l12
[0.036s] [ 25%] [32mBuilding CXX object CMakeFiles/heart_exec_RX.dir/src/FM_RX_heartbeat.cpp.o[0m
[0.038s] [ 75%] Built target heart_exec
[1.572s] [100%] [32m[1mLinking CXX executable heart_exec_RX[0m
[1.662s] [100%] Built target heart_exec_RX
[1.665s] Invoked command in '/home/bhagwat/ros2_ws/build/heartbeat_node' returned '0': CMAKE_PREFIX_PATH=/opt/ros/dashing:${CMAKE_PREFIX_PATH} /usr/local/bin/cmake --build /home/bhagwat/ros2_ws/build/heartbeat_node -- -j12 -l12
[1.682s] Invoking command in '/home/bhagwat/ros2_ws/build/heartbeat_node': CMAKE_PREFIX_PATH=/opt/ros/dashing:${CMAKE_PREFIX_PATH} /usr/local/bin/cmake --install /home/bhagwat/ros2_ws/build/heartbeat_node
[1.684s] -- Install configuration: ""
[1.684s] -- Up-to-date: /home/bhagwat/ros2_ws/install/heartbeat_node/lib/heartbeat_node/heart_exec
[1.684s] -- Installing: /home/bhagwat/ros2_ws/install/heartbeat_node/lib/heartbeat_node/heart_exec_RX
[1.685s] -- Set runtime path of "/home/bhagwat/ros2_ws/install/heartbeat_node/lib/heartbeat_node/heart_exec_RX" to ""
[1.685s] -- Up-to-date: /home/bhagwat/ros2_ws/install/heartbeat_node/share/ament_index/resource_index/package_run_dependencies/heartbeat_node
[1.685s] -- Installing: /home/bhagwat/ros2_ws/install/heartbeat_node/share/ament_index/resource_index/parent_prefix_path/heartbeat_node
[1.685s] -- Up-to-date: /home/bhagwat/ros2_ws/install/heartbeat_node/share/heartbeat_node/environment/ament_prefix_path.sh
[1.685s] -- Up-to-date: /home/bhagwat/ros2_ws/install/heartbeat_node/share/heartbeat_node/environment/path.sh
[1.685s] -- Up-to-date: /home/bhagwat/ros2_ws/install/heartbeat_node/share/heartbeat_node/local_setup.bash
[1.685s] -- Up-to-date: /home/bhagwat/ros2_ws/install/heartbeat_node/share/heartbeat_node/local_setup.sh
[1.685s] -- Up-to-date: /home/bhagwat/ros2_ws/install/heartbeat_node/share/heartbeat_node/local_setup.zsh
[1.685s] -- Up-to-date: /home/bhagwat/ros2_ws/install/heartbeat_node/share/ament_index/resource_index/packages/heartbeat_node
[1.686s] -- Up-to-date: /home/bhagwat/ros2_ws/install/heartbeat_node/share/heartbeat_node/cmake/heartbeat_nodeConfig.cmake
[1.687s] -- Up-to-date: /home/bhagwat/ros2_ws/install/heartbeat_node/share/heartbeat_node/cmake/heartbeat_nodeConfig-version.cmake
[1.687s] -- Installing: /home/bhagwat/ros2_ws/install/heartbeat_node/share/heartbeat_node/package.xml
[1.687s] Invoked command in '/home/bhagwat/ros2_ws/build/heartbeat_node' returned '0': CMAKE_PREFIX_PATH=/opt/ros/dashing:${CMAKE_PREFIX_PATH} /usr/local/bin/cmake --install /home/bhagwat/ros2_ws/build/heartbeat_node
