[0.018s] Invoking command in '/home/bhagwat/ros2_ws/build/heartbeat_node': CMAKE_PREFIX_PATH=/home/bhagwat/ros2_ws/install/heartbeat_node:/opt/ros/dashing:/home/bhagwat/catkin_ws/devel:/opt/ros/melodic /usr/local/bin/cmake --build /home/bhagwat/ros2_ws/build/heartbeat_node -- -j12 -l12
[0.026s] -- Found ament_cmake: 0.7.6 (/opt/ros/dashing/share/ament_cmake/cmake)
[0.043s] -- Using PYTHON_EXECUTABLE: /usr/bin/python3
[0.189s] -- Found rclcpp: 0.7.15 (/opt/ros/dashing/share/rclcpp/cmake)
[0.196s] -- Found rosidl_adapter: 0.7.10 (/opt/ros/dashing/share/rosidl_adapter/cmake)
[0.214s] -- Found rmw_implementation_cmake: 0.7.2 (/opt/ros/dashing/share/rmw_implementation_cmake/cmake)
[0.214s] -- Using RMW implementation 'rmw_fastrtps_cpp' as default
[0.229s] -- Found geometry_msgs: 0.7.0 (/opt/ros/dashing/share/geometry_msgs/cmake)
[0.235s] -- Found ament_lint_auto: 0.7.12 (/opt/ros/dashing/share/ament_lint_auto/cmake)
[0.295s] -- Added test 'copyright' to check for copyright in CMake / C / C++ / Python code
[0.295s] -- Added test 'cppcheck' to perform static code analysis on C / C++ code
[0.295s] -- Configured cppcheck include dirs: 
[0.296s] -- Added test 'cpplint' to check C / C++ code against the Google style
[0.296s] -- Added test 'lint_cmake' to check CMake code style
[0.297s] -- Added test 'uncrustify' to check C / C++ code style
[0.297s] -- Added test 'xmllint' to check XML markup files
[0.297s] -- Configuring done
[0.307s] -- Generating done
[0.308s] -- Build files have been written to: /home/bhagwat/ros2_ws/build/heartbeat_node
[0.314s] [35m[1mConsolidate compiler generated dependencies of target heart_exec_RX[0m
[0.317s] [ 25%] [32mBuilding CXX object CMakeFiles/heart_exec_TX.dir/src/FM_TX_heartbeat.cpp.o[0m
[0.321s] [ 50%] [32mBuilding CXX object CMakeFiles/heart_exec_RX.dir/src/FM_RX_heartbeat.cpp.o[0m
[0.927s] [01m[K/home/bhagwat/ros2_ws/src/heartbeat_node/src/FM_TX_heartbeat.cpp:[m[K In constructor ‘[01m[KMinimalPublisher::MinimalPublisher()[m[K’:
[0.927s] [01m[K/home/bhagwat/ros2_ws/src/heartbeat_node/src/FM_TX_heartbeat.cpp:15:74:[m[K [01;35m[Kwarning: [m[K‘[01m[Kstd::shared_ptr<PublisherT> rclcpp::Node::create_publisher(const string&, const rmw_qos_profile_t&, std::shared_ptr<_Up>) [with MessageT = std_msgs::msg::Int32_<std::allocator<void> >; AllocatorT = std::allocator<void>; PublisherT = rclcpp::Publisher<std_msgs::msg::Int32_<std::allocator<void> > >; std::__cxx11::string = std::__cxx11::basic_string<char>; rmw_qos_profile_t = rmw_qos_profile_t][m[K’ is deprecated: use create_publisher(const std::string &, const rclcpp::QoS &, ...) instead [[01;35m[K-Wdeprecated-declarations[m[K]
[0.927s]        publisher_ = this->create_publisher<std_msgs::msg::Int32>("counter"[01;35m[K)[m[K;
[0.927s]                                                                           [01;35m[K^[m[K
[0.927s] In file included from [01m[K/opt/ros/dashing/include/rclcpp/node.hpp:1219:0[m[K,
[0.927s]                  from [01m[K/opt/ros/dashing/include/rclcpp/executors/single_threaded_executor.hpp:28[m[K,
[0.927s]                  from [01m[K/opt/ros/dashing/include/rclcpp/executors.hpp:22[m[K,
[0.927s]                  from [01m[K/opt/ros/dashing/include/rclcpp/rclcpp.hpp:144[m[K,
[0.927s]                  from [01m[K/home/bhagwat/ros2_ws/src/heartbeat_node/src/FM_TX_heartbeat.cpp:3[m[K:
[0.927s] [01m[K/opt/ros/dashing/include/rclcpp/node_impl.hpp:96:1:[m[K [01;36m[Knote: [m[Kdeclared here
[0.927s]  [01;36m[KNode[m[K::create_publisher(
[0.928s]  [01;36m[K^~~~[m[K
[0.949s] [01m[K/home/bhagwat/ros2_ws/src/heartbeat_node/src/FM_TX_heartbeat.cpp:[m[K In member function ‘[01m[Kvoid MinimalPublisher::publish_message()[m[K’:
[0.950s] [01m[K/home/bhagwat/ros2_ws/src/heartbeat_node/src/FM_TX_heartbeat.cpp:30:34:[m[K [01;35m[Kwarning: [m[K‘[01m[Kvoid rclcpp::Publisher<MessageT, Alloc>::publish(const std::shared_ptr<const _Tp>&) [with MessageT = std_msgs::msg::Int32_<std::allocator<void> >; Alloc = std::allocator<void>][m[K’ is deprecated: publishing an unique_ptr is prefered when using intra process communication. If using a shared_ptr, use publish(*msg). [[01;35m[K-Wdeprecated-declarations[m[K]
[0.950s]        publisher_->publish(message[01;35m[K)[m[K;
[0.950s]                                   [01;35m[K^[m[K
[0.950s] In file included from [01m[K/opt/ros/dashing/include/rclcpp/callback_group.hpp:24:0[m[K,
[0.950s]                  from [01m[K/opt/ros/dashing/include/rclcpp/any_executable.hpp:20[m[K,
[0.950s]                  from [01m[K/opt/ros/dashing/include/rclcpp/memory_strategy.hpp:24[m[K,
[0.950s]                  from [01m[K/opt/ros/dashing/include/rclcpp/memory_strategies.hpp:18[m[K,
[0.950s]                  from [01m[K/opt/ros/dashing/include/rclcpp/executor.hpp:33[m[K,
[0.950s]                  from [01m[K/opt/ros/dashing/include/rclcpp/executors/multi_threaded_executor.hpp:24[m[K,
[0.950s]                  from [01m[K/opt/ros/dashing/include/rclcpp/executors.hpp:21[m[K,
[0.950s]                  from [01m[K/opt/ros/dashing/include/rclcpp/rclcpp.hpp:144[m[K,
[0.950s]                  from [01m[K/home/bhagwat/ros2_ws/src/heartbeat_node/src/FM_TX_heartbeat.cpp:3[m[K:
[0.950s] [01m[K/opt/ros/dashing/include/rclcpp/publisher.hpp:137:3:[m[K [01;36m[Knote: [m[Kdeclared here
[0.950s]    [01;36m[Kpublish[m[K(const std::shared_ptr<const MessageT> & msg)
[0.950s]    [01;36m[K^~~~~~~[m[K
[0.960s] [01m[K/home/bhagwat/ros2_ws/src/heartbeat_node/src/FM_RX_heartbeat.cpp:[m[K In constructor ‘[01m[KMinimalSubscriber::MinimalSubscriber()[m[K’:
[0.960s] [01m[K/home/bhagwat/ros2_ws/src/heartbeat_node/src/FM_RX_heartbeat.cpp:20:5:[m[K [01;31m[Kerror: [m[Kexpected ‘[01m[K,[m[K’ or ‘[01m[K;[m[K’ before ‘[01m[K}[m[K’ token
[0.960s]      [01;31m[K}[m[K
[0.960s]      [01;31m[K^[m[K
[0.960s] [01m[K/home/bhagwat/ros2_ws/src/heartbeat_node/src/FM_RX_heartbeat.cpp:18:11:[m[K [01;35m[Kwarning: [m[Kunused variable ‘[01m[Kglob[m[K’ [[01;35m[K-Wunused-variable[m[K]
[0.960s]        int [01;35m[Kglob[m[K = -1
[0.960s]            [01;35m[K^~~~[m[K
[0.961s] [01m[K/home/bhagwat/ros2_ws/src/heartbeat_node/src/FM_RX_heartbeat.cpp:[m[K In member function ‘[01m[Kvoid MinimalSubscriber::subscribe_message(std_msgs::msg::Int32_<std::allocator<void> >::SharedPtr) const[m[K’:
[0.961s] [01m[K/home/bhagwat/ros2_ws/src/heartbeat_node/src/FM_RX_heartbeat.cpp:27:18:[m[K [01;31m[Kerror: [m[K‘[01m[Kglob[m[K’ was not declared in this scope
[0.961s]        if (local!=[01;31m[Kglob[m[K)
[0.961s]                   [01;31m[K^~~~[m[K
[0.963s] [01m[K/home/bhagwat/ros2_ws/src/heartbeat_node/src/FM_RX_heartbeat.cpp:36:7:[m[K [01;31m[Kerror: [m[K‘[01m[Kglob[m[K’ was not declared in this scope
[0.963s]        [01;31m[Kglob[m[K = local;
[0.963s]        [01;31m[K^~~~[m[K
[1.388s] CMakeFiles/heart_exec_RX.dir/build.make:75: recipe for target 'CMakeFiles/heart_exec_RX.dir/src/FM_RX_heartbeat.cpp.o' failed
[1.388s] make[2]: *** [CMakeFiles/heart_exec_RX.dir/src/FM_RX_heartbeat.cpp.o] Error 1
[1.388s] CMakeFiles/Makefile2:111: recipe for target 'CMakeFiles/heart_exec_RX.dir/all' failed
[1.388s] make[1]: *** [CMakeFiles/heart_exec_RX.dir/all] Error 2
[1.388s] make[1]: *** Waiting for unfinished jobs....
[1.674s] [ 75%] [32m[1mLinking CXX executable heart_exec_TX[0m
[1.751s] [ 75%] Built target heart_exec_TX
[1.751s] Makefile:145: recipe for target 'all' failed
[1.751s] make: *** [all] Error 2
[1.752s] Invoked command in '/home/bhagwat/ros2_ws/build/heartbeat_node' returned '2': CMAKE_PREFIX_PATH=/home/bhagwat/ros2_ws/install/heartbeat_node:/opt/ros/dashing:/home/bhagwat/catkin_ws/devel:/opt/ros/melodic /usr/local/bin/cmake --build /home/bhagwat/ros2_ws/build/heartbeat_node -- -j12 -l12
