[1.078s] DEBUG:colcon:Command line arguments: ['/usr/bin/colcon', 'build']
[1.078s] DEBUG:colcon:Parsed command line arguments: Namespace(ament_cmake_args=None, base_paths=['.'], build_base='build', catkin_cmake_args=None, catkin_skip_building_tests=False, cmake_args=None, cmake_clean_cache=False, cmake_clean_first=False, cmake_force_configure=False, cmake_target=None, cmake_target_skip_unavailable=False, continue_on_error=False, event_handlers=None, executor='parallel', ignore_user_meta=False, install_base='install', log_base=None, log_level=None, main=<bound method BuildVerb.main of <colcon_core.verb.build.BuildVerb object at 0x7f05e9d92d30>>, merge_install=False, metas=['./colcon.meta'], packages_above=None, packages_above_and_dependencies=None, packages_above_depth=None, packages_end=None, packages_ignore=None, packages_ignore_regex=None, packages_select=None, packages_select_build_failed=False, packages_select_by_dep=None, packages_select_regex=None, packages_select_test_failures=False, packages_skip=None, packages_skip_build_finished=False, packages_skip_by_dep=None, packages_skip_regex=None, packages_skip_test_passed=False, packages_skip_up_to=None, packages_start=None, packages_up_to=None, packages_up_to_regex=None, parallel_workers=12, paths=None, symlink_install=False, test_result_base=None, verb_extension=<colcon_core.verb.build.BuildVerb object at 0x7f05e9d92d30>, verb_name='build', verb_parser=<colcon_defaults.argument_parser.defaults.DefaultArgumentsDecorator object at 0x7f05e9d970b8>)
[1.119s] Level 1:colcon.colcon_core.package_discovery:discover_packages(colcon_meta) check parameters
[1.120s] Level 1:colcon.colcon_core.package_discovery:discover_packages(recursive) check parameters
[1.120s] Level 1:colcon.colcon_core.package_discovery:discover_packages(ignore) check parameters
[1.120s] Level 1:colcon.colcon_core.package_discovery:discover_packages(path) check parameters
[1.120s] Level 1:colcon.colcon_core.package_discovery:discover_packages(colcon_meta) discover
[1.122s] Level 1:colcon.colcon_core.package_discovery:discover_packages(recursive) discover
[1.122s] INFO:colcon.colcon_core.package_discovery:Crawling recursively for packages in '/home/bhagwat/ros2_ws'
[1.123s] Level 1:colcon.colcon_core.package_identification:_identify(.) by extensions ['ignore', 'ignore_ament_install']
[1.123s] Level 1:colcon.colcon_core.package_identification:_identify(.) by extension 'ignore'
[1.124s] Level 1:colcon.colcon_core.package_identification:_identify(.) by extension 'ignore_ament_install'
[1.124s] Level 1:colcon.colcon_core.package_identification:_identify(.) by extensions ['colcon_pkg']
[1.124s] Level 1:colcon.colcon_core.package_identification:_identify(.) by extension 'colcon_pkg'
[1.125s] Level 1:colcon.colcon_core.package_identification:_identify(.) by extensions ['colcon_meta']
[1.125s] Level 1:colcon.colcon_core.package_identification:_identify(.) by extension 'colcon_meta'
[1.125s] Level 1:colcon.colcon_core.package_identification:_identify(.) by extensions ['ros']
[1.125s] Level 1:colcon.colcon_core.package_identification:_identify(.) by extension 'ros'
[1.183s] Level 1:colcon.colcon_core.package_identification:_identify(.) by extensions ['cmake', 'python']
[1.184s] Level 1:colcon.colcon_core.package_identification:_identify(.) by extension 'cmake'
[1.184s] Level 1:colcon.colcon_core.package_identification:_identify(.) by extension 'python'
[1.184s] Level 1:colcon.colcon_core.package_identification:_identify(.) by extensions ['python_setup_py']
[1.185s] Level 1:colcon.colcon_core.package_identification:_identify(.) by extension 'python_setup_py'
[1.185s] Level 1:colcon.colcon_core.package_identification:_identify(build) by extensions ['ignore', 'ignore_ament_install']
[1.186s] Level 1:colcon.colcon_core.package_identification:_identify(build) by extension 'ignore'
[1.186s] Level 1:colcon.colcon_core.package_identification:_identify(build) ignored
[1.187s] Level 1:colcon.colcon_core.package_identification:_identify(install) by extensions ['ignore', 'ignore_ament_install']
[1.188s] Level 1:colcon.colcon_core.package_identification:_identify(install) by extension 'ignore'
[1.188s] Level 1:colcon.colcon_core.package_identification:_identify(install) ignored
[1.189s] Level 1:colcon.colcon_core.package_identification:_identify(log) by extensions ['ignore', 'ignore_ament_install']
[1.190s] Level 1:colcon.colcon_core.package_identification:_identify(log) by extension 'ignore'
[1.190s] Level 1:colcon.colcon_core.package_identification:_identify(log) ignored
[1.190s] Level 1:colcon.colcon_core.package_identification:_identify(src) by extensions ['ignore', 'ignore_ament_install']
[1.191s] Level 1:colcon.colcon_core.package_identification:_identify(src) by extension 'ignore'
[1.191s] Level 1:colcon.colcon_core.package_identification:_identify(src) by extension 'ignore_ament_install'
[1.191s] Level 1:colcon.colcon_core.package_identification:_identify(src) by extensions ['colcon_pkg']
[1.192s] Level 1:colcon.colcon_core.package_identification:_identify(src) by extension 'colcon_pkg'
[1.192s] Level 1:colcon.colcon_core.package_identification:_identify(src) by extensions ['colcon_meta']
[1.192s] Level 1:colcon.colcon_core.package_identification:_identify(src) by extension 'colcon_meta'
[1.192s] Level 1:colcon.colcon_core.package_identification:_identify(src) by extensions ['ros']
[1.192s] Level 1:colcon.colcon_core.package_identification:_identify(src) by extension 'ros'
[1.193s] Level 1:colcon.colcon_core.package_identification:_identify(src) by extensions ['cmake', 'python']
[1.193s] Level 1:colcon.colcon_core.package_identification:_identify(src) by extension 'cmake'
[1.193s] Level 1:colcon.colcon_core.package_identification:_identify(src) by extension 'python'
[1.194s] Level 1:colcon.colcon_core.package_identification:_identify(src) by extensions ['python_setup_py']
[1.194s] Level 1:colcon.colcon_core.package_identification:_identify(src) by extension 'python_setup_py'
[1.195s] Level 1:colcon.colcon_core.package_identification:_identify(src/heartbeat_node) by extensions ['ignore', 'ignore_ament_install']
[1.195s] Level 1:colcon.colcon_core.package_identification:_identify(src/heartbeat_node) by extension 'ignore'
[1.196s] Level 1:colcon.colcon_core.package_identification:_identify(src/heartbeat_node) by extension 'ignore_ament_install'
[1.196s] Level 1:colcon.colcon_core.package_identification:_identify(src/heartbeat_node) by extensions ['colcon_pkg']
[1.196s] Level 1:colcon.colcon_core.package_identification:_identify(src/heartbeat_node) by extension 'colcon_pkg'
[1.196s] Level 1:colcon.colcon_core.package_identification:_identify(src/heartbeat_node) by extensions ['colcon_meta']
[1.196s] Level 1:colcon.colcon_core.package_identification:_identify(src/heartbeat_node) by extension 'colcon_meta'
[1.197s] Level 1:colcon.colcon_core.package_identification:_identify(src/heartbeat_node) by extensions ['ros']
[1.197s] Level 1:colcon.colcon_core.package_identification:_identify(src/heartbeat_node) by extension 'ros'
[1.211s] DEBUG:colcon.colcon_core.package_identification:Package 'src/heartbeat_node' with type 'ros.ament_cmake' and name 'heartbeat_node'
[1.211s] Level 1:colcon.colcon_core.package_discovery:discover_packages(recursive) using defaults
[1.213s] Level 1:colcon.colcon_core.package_discovery:discover_packages(ignore) discover
[1.213s] Level 1:colcon.colcon_core.package_discovery:discover_packages(ignore) using defaults
[1.213s] Level 1:colcon.colcon_core.package_discovery:discover_packages(path) discover
[1.213s] Level 1:colcon.colcon_core.package_discovery:discover_packages(path) using defaults
[1.325s] Level 5:colcon.colcon_core.verb:set package 'heartbeat_node' build argument 'cmake_args' from command line to 'None'
[1.325s] Level 5:colcon.colcon_core.verb:set package 'heartbeat_node' build argument 'cmake_target' from command line to 'None'
[1.325s] Level 5:colcon.colcon_core.verb:set package 'heartbeat_node' build argument 'cmake_target_skip_unavailable' from command line to 'False'
[1.326s] Level 5:colcon.colcon_core.verb:set package 'heartbeat_node' build argument 'cmake_clean_cache' from command line to 'False'
[1.326s] Level 5:colcon.colcon_core.verb:set package 'heartbeat_node' build argument 'cmake_clean_first' from command line to 'False'
[1.326s] Level 5:colcon.colcon_core.verb:set package 'heartbeat_node' build argument 'cmake_force_configure' from command line to 'False'
[1.326s] Level 5:colcon.colcon_core.verb:set package 'heartbeat_node' build argument 'ament_cmake_args' from command line to 'None'
[1.326s] Level 5:colcon.colcon_core.verb:set package 'heartbeat_node' build argument 'catkin_cmake_args' from command line to 'None'
[1.326s] Level 5:colcon.colcon_core.verb:set package 'heartbeat_node' build argument 'catkin_skip_building_tests' from command line to 'False'
[1.327s] DEBUG:colcon.colcon_core.verb:Building package 'heartbeat_node' with the following arguments: {'ament_cmake_args': None, 'build_base': '/home/bhagwat/ros2_ws/build/heartbeat_node', 'catkin_cmake_args': None, 'catkin_skip_building_tests': False, 'cmake_args': None, 'cmake_clean_cache': False, 'cmake_clean_first': False, 'cmake_force_configure': False, 'cmake_target': None, 'cmake_target_skip_unavailable': False, 'install_base': '/home/bhagwat/ros2_ws/install/heartbeat_node', 'merge_install': False, 'path': '/home/bhagwat/ros2_ws/src/heartbeat_node', 'symlink_install': False, 'test_result_base': None}
[1.328s] INFO:colcon.colcon_core.executor:Executing jobs using 'parallel' executor
[1.338s] DEBUG:colcon.colcon_parallel_executor.executor.parallel:run_until_complete
[1.340s] INFO:colcon.colcon_ros.task.ament_cmake.build:Building ROS package in '/home/bhagwat/ros2_ws/src/heartbeat_node' with build type 'ament_cmake'
[1.341s] INFO:colcon.colcon_cmake.task.cmake.build:Building CMake package in '/home/bhagwat/ros2_ws/src/heartbeat_node'
[1.367s] INFO:colcon.colcon_core.plugin_system:Skipping extension 'colcon_core.shell.bat': Not used on non-Windows systems
[1.368s] INFO:colcon.colcon_core.shell:Skip shell extension 'powershell' for command environment: Not usable outside of PowerShell
[1.368s] DEBUG:colcon.colcon_core.shell:Skip shell extension 'dsv' for command environment
[1.386s] DEBUG:colcon.colcon_core.shell:Ignoring prefix path '/opt/ros/dashing'
[1.386s] DEBUG:colcon.colcon_core.shell:Ignoring prefix path '/home/bhagwat/catkin_ws/devel'
[1.386s] DEBUG:colcon.colcon_core.shell:Ignoring prefix path '/opt/ros/melodic'
[1.463s] DEBUG:colcon.colcon_core.event_handler.log_command:Invoking command in '/home/bhagwat/ros2_ws/build/heartbeat_node': CMAKE_PREFIX_PATH=/home/bhagwat/ros2_ws/install/heartbeat_node:/opt/ros/dashing:/home/bhagwat/catkin_ws/devel:/opt/ros/melodic /usr/local/bin/cmake --build /home/bhagwat/ros2_ws/build/heartbeat_node -- -j12 -l12
[11.438s] DEBUG:colcon.colcon_core.event_handler.log_command:Invoked command in '/home/bhagwat/ros2_ws/build/heartbeat_node' returned '0': CMAKE_PREFIX_PATH=/home/bhagwat/ros2_ws/install/heartbeat_node:/opt/ros/dashing:/home/bhagwat/catkin_ws/devel:/opt/ros/melodic /usr/local/bin/cmake --build /home/bhagwat/ros2_ws/build/heartbeat_node -- -j12 -l12
[11.538s] DEBUG:colcon.colcon_core.event_handler.log_command:Invoking command in '/home/bhagwat/ros2_ws/build/heartbeat_node': CMAKE_PREFIX_PATH=/home/bhagwat/ros2_ws/install/heartbeat_node:/opt/ros/dashing:/home/bhagwat/catkin_ws/devel:/opt/ros/melodic /usr/local/bin/cmake --install /home/bhagwat/ros2_ws/build/heartbeat_node
[11.572s] Level 1:colcon.colcon_core.environment:create_environment_scripts_only(heartbeat_node)
[11.578s] DEBUG:colcon.colcon_core.event_handler.log_command:Invoked command in '/home/bhagwat/ros2_ws/build/heartbeat_node' returned '0': CMAKE_PREFIX_PATH=/home/bhagwat/ros2_ws/install/heartbeat_node:/opt/ros/dashing:/home/bhagwat/catkin_ws/devel:/opt/ros/melodic /usr/local/bin/cmake --install /home/bhagwat/ros2_ws/build/heartbeat_node
[11.599s] Level 1:colcon.colcon_core.environment:checking '/home/bhagwat/ros2_ws/install/heartbeat_node' for CMake module files
[11.601s] Level 1:colcon.colcon_core.environment:checking '/home/bhagwat/ros2_ws/install/heartbeat_node' for CMake config files
[11.603s] Level 1:colcon.colcon_core.shell:create_environment_hook('heartbeat_node', 'cmake_prefix_path')
[11.606s] INFO:colcon.colcon_core.shell:Creating environment hook '/home/bhagwat/ros2_ws/install/heartbeat_node/share/heartbeat_node/hook/cmake_prefix_path.ps1'
[11.610s] INFO:colcon.colcon_core.shell:Creating environment descriptor '/home/bhagwat/ros2_ws/install/heartbeat_node/share/heartbeat_node/hook/cmake_prefix_path.dsv'
[11.612s] INFO:colcon.colcon_core.shell:Creating environment hook '/home/bhagwat/ros2_ws/install/heartbeat_node/share/heartbeat_node/hook/cmake_prefix_path.sh'
[11.618s] Level 1:colcon.colcon_core.environment:checking '/home/bhagwat/ros2_ws/install/heartbeat_node/lib'
[11.620s] Level 1:colcon.colcon_core.environment:checking '/home/bhagwat/ros2_ws/install/heartbeat_node/bin'
[11.620s] Level 1:colcon.colcon_core.environment:checking '/home/bhagwat/ros2_ws/install/heartbeat_node/lib/pkgconfig/heartbeat_node.pc'
[11.621s] Level 1:colcon.colcon_core.environment:checking '/home/bhagwat/ros2_ws/install/heartbeat_node/lib/python3.6/site-packages'
[11.624s] INFO:colcon.colcon_core.shell:Creating package script '/home/bhagwat/ros2_ws/install/heartbeat_node/share/heartbeat_node/package.ps1'
[11.628s] INFO:colcon.colcon_core.shell:Creating package descriptor '/home/bhagwat/ros2_ws/install/heartbeat_node/share/heartbeat_node/package.dsv'
[11.631s] INFO:colcon.colcon_core.shell:Creating package script '/home/bhagwat/ros2_ws/install/heartbeat_node/share/heartbeat_node/package.sh'
[11.635s] INFO:colcon.colcon_core.shell:Creating package script '/home/bhagwat/ros2_ws/install/heartbeat_node/share/heartbeat_node/package.bash'
[11.641s] INFO:colcon.colcon_core.shell:Creating package script '/home/bhagwat/ros2_ws/install/heartbeat_node/share/heartbeat_node/package.zsh'
[11.646s] Level 1:colcon.colcon_core.environment:create_file_with_runtime_dependencies(/home/bhagwat/ros2_ws/install/heartbeat_node/share/colcon-core/packages/heartbeat_node)
[11.734s] Level 1:colcon.colcon_core.environment:create_environment_scripts_only(heartbeat_node)
[11.740s] Level 1:colcon.colcon_core.environment:checking '/home/bhagwat/ros2_ws/install/heartbeat_node' for CMake module files
[11.742s] Level 1:colcon.colcon_core.environment:checking '/home/bhagwat/ros2_ws/install/heartbeat_node' for CMake config files
[11.744s] Level 1:colcon.colcon_core.shell:create_environment_hook('heartbeat_node', 'cmake_prefix_path')
[11.748s] INFO:colcon.colcon_core.shell:Creating environment hook '/home/bhagwat/ros2_ws/install/heartbeat_node/share/heartbeat_node/hook/cmake_prefix_path.ps1'
[11.752s] INFO:colcon.colcon_core.shell:Creating environment descriptor '/home/bhagwat/ros2_ws/install/heartbeat_node/share/heartbeat_node/hook/cmake_prefix_path.dsv'
[11.754s] INFO:colcon.colcon_core.shell:Creating environment hook '/home/bhagwat/ros2_ws/install/heartbeat_node/share/heartbeat_node/hook/cmake_prefix_path.sh'
[11.758s] Level 1:colcon.colcon_core.environment:checking '/home/bhagwat/ros2_ws/install/heartbeat_node/lib'
[11.759s] Level 1:colcon.colcon_core.environment:checking '/home/bhagwat/ros2_ws/install/heartbeat_node/bin'
[11.759s] Level 1:colcon.colcon_core.environment:checking '/home/bhagwat/ros2_ws/install/heartbeat_node/lib/pkgconfig/heartbeat_node.pc'
[11.760s] Level 1:colcon.colcon_core.environment:checking '/home/bhagwat/ros2_ws/install/heartbeat_node/lib/python3.6/site-packages'
[11.764s] INFO:colcon.colcon_core.shell:Creating package script '/home/bhagwat/ros2_ws/install/heartbeat_node/share/heartbeat_node/package.ps1'
[11.766s] INFO:colcon.colcon_core.shell:Creating package descriptor '/home/bhagwat/ros2_ws/install/heartbeat_node/share/heartbeat_node/package.dsv'
[11.769s] INFO:colcon.colcon_core.shell:Creating package script '/home/bhagwat/ros2_ws/install/heartbeat_node/share/heartbeat_node/package.sh'
[11.771s] INFO:colcon.colcon_core.shell:Creating package script '/home/bhagwat/ros2_ws/install/heartbeat_node/share/heartbeat_node/package.bash'
[11.777s] INFO:colcon.colcon_core.shell:Creating package script '/home/bhagwat/ros2_ws/install/heartbeat_node/share/heartbeat_node/package.zsh'
[11.780s] Level 1:colcon.colcon_core.environment:create_file_with_runtime_dependencies(/home/bhagwat/ros2_ws/install/heartbeat_node/share/colcon-core/packages/heartbeat_node)
[11.781s] DEBUG:colcon.colcon_parallel_executor.executor.parallel:closing loop
[11.783s] DEBUG:colcon.colcon_parallel_executor.executor.parallel:loop closed
[11.785s] DEBUG:colcon.colcon_parallel_executor.executor.parallel:run_until_complete finished with '0'
[11.785s] DEBUG:colcon.colcon_core.event_reactor:joining thread
[11.824s] INFO:colcon.colcon_core.plugin_system:Skipping extension 'colcon_notification.desktop_notification.terminal_notifier': Not used on non-Darwin systems
[11.824s] INFO:colcon.colcon_core.plugin_system:Skipping extension 'colcon_notification.desktop_notification.win32': Not used on non-Windows systems
[11.825s] INFO:colcon.colcon_notification.desktop_notification:Sending desktop notification using 'notify2'
[11.840s] DEBUG:colcon.colcon_core.event_reactor:joined thread
[11.844s] INFO:colcon.colcon_core.shell:Creating prefix script '/home/bhagwat/ros2_ws/install/local_setup.ps1'
[11.851s] INFO:colcon.colcon_core.shell:Creating prefix util module '/home/bhagwat/ros2_ws/install/_local_setup_util_ps1.py'
[11.859s] INFO:colcon.colcon_core.shell:Creating prefix chain script '/home/bhagwat/ros2_ws/install/setup.ps1'
[11.873s] INFO:colcon.colcon_core.shell:Creating prefix script '/home/bhagwat/ros2_ws/install/local_setup.sh'
[11.877s] INFO:colcon.colcon_core.shell:Creating prefix util module '/home/bhagwat/ros2_ws/install/_local_setup_util_sh.py'
[11.879s] INFO:colcon.colcon_core.shell:Creating prefix chain script '/home/bhagwat/ros2_ws/install/setup.sh'
[11.893s] INFO:colcon.colcon_core.shell:Creating prefix script '/home/bhagwat/ros2_ws/install/local_setup.bash'
[11.896s] INFO:colcon.colcon_core.shell:Creating prefix chain script '/home/bhagwat/ros2_ws/install/setup.bash'
[11.912s] INFO:colcon.colcon_core.shell:Creating prefix script '/home/bhagwat/ros2_ws/install/local_setup.zsh'
[11.914s] INFO:colcon.colcon_core.shell:Creating prefix chain script '/home/bhagwat/ros2_ws/install/setup.zsh'
