[0.017s] Invoking command in '/home/bhagwat/ros2_ws/build/heartbeat_node': CMAKE_PREFIX_PATH=/home/bhagwat/ros2_ws/install/heartbeat_node:/opt/ros/dashing:/home/bhagwat/catkin_ws/devel:/opt/ros/melodic /usr/local/bin/cmake --build /home/bhagwat/ros2_ws/build/heartbeat_node -- -j12 -l12
[0.031s] [35m[1mConsolidate compiler generated dependencies of target heart_exec[0m
[0.036s] [ 50%] [32mBuilding CXX object CMakeFiles/heart_exec.dir/src/FM_TX_heartbeat.cpp.o[0m
[0.667s] [01m[K/home/bhagwat/ros2_ws/src/heartbeat_node/src/FM_TX_heartbeat.cpp:[m[K In member function ‘[01m[Kvoid MinimalPublisher::publish_message()[m[K’:
[0.667s] [01m[K/home/bhagwat/ros2_ws/src/heartbeat_node/src/FM_TX_heartbeat.cpp:27:34:[m[K [01;35m[Kwarning: [m[K‘[01m[Kvoid rclcpp::Publisher<MessageT, Alloc>::publish(const std::shared_ptr<const _Tp>&) [with MessageT = std_msgs::msg::Int32_<std::allocator<void> >; Alloc = std::allocator<void>][m[K’ is deprecated: publishing an unique_ptr is prefered when using intra process communication. If using a shared_ptr, use publish(*msg). [[01;35m[K-Wdeprecated-declarations[m[K]
[0.667s]        publisher_->publish(message[01;35m[K)[m[K;
[0.667s]                                   [01;35m[K^[m[K
[0.667s] In file included from [01m[K/opt/ros/dashing/include/rclcpp/callback_group.hpp:24:0[m[K,
[0.667s]                  from [01m[K/opt/ros/dashing/include/rclcpp/any_executable.hpp:20[m[K,
[0.667s]                  from [01m[K/opt/ros/dashing/include/rclcpp/memory_strategy.hpp:24[m[K,
[0.667s]                  from [01m[K/opt/ros/dashing/include/rclcpp/memory_strategies.hpp:18[m[K,
[0.667s]                  from [01m[K/opt/ros/dashing/include/rclcpp/executor.hpp:33[m[K,
[0.667s]                  from [01m[K/opt/ros/dashing/include/rclcpp/executors/multi_threaded_executor.hpp:24[m[K,
[0.667s]                  from [01m[K/opt/ros/dashing/include/rclcpp/executors.hpp:21[m[K,
[0.667s]                  from [01m[K/opt/ros/dashing/include/rclcpp/rclcpp.hpp:144[m[K,
[0.667s]                  from [01m[K/home/bhagwat/ros2_ws/src/heartbeat_node/src/FM_TX_heartbeat.cpp:3[m[K:
[0.667s] [01m[K/opt/ros/dashing/include/rclcpp/publisher.hpp:137:3:[m[K [01;36m[Knote: [m[Kdeclared here
[0.667s]    [01;36m[Kpublish[m[K(const std::shared_ptr<const MessageT> & msg)
[0.667s]    [01;36m[K^~~~~~~[m[K
[1.398s] [100%] [32m[1mLinking CXX executable heart_exec[0m
[1.478s] [100%] Built target heart_exec
[1.481s] Invoked command in '/home/bhagwat/ros2_ws/build/heartbeat_node' returned '0': CMAKE_PREFIX_PATH=/home/bhagwat/ros2_ws/install/heartbeat_node:/opt/ros/dashing:/home/bhagwat/catkin_ws/devel:/opt/ros/melodic /usr/local/bin/cmake --build /home/bhagwat/ros2_ws/build/heartbeat_node -- -j12 -l12
[1.495s] Invoking command in '/home/bhagwat/ros2_ws/build/heartbeat_node': CMAKE_PREFIX_PATH=/home/bhagwat/ros2_ws/install/heartbeat_node:/opt/ros/dashing:/home/bhagwat/catkin_ws/devel:/opt/ros/melodic /usr/local/bin/cmake --install /home/bhagwat/ros2_ws/build/heartbeat_node
[1.497s] -- Install configuration: ""
[1.497s] -- Installing: /home/bhagwat/ros2_ws/install/heartbeat_node/lib/heartbeat_node/heart_exec
[1.498s] -- Set runtime path of "/home/bhagwat/ros2_ws/install/heartbeat_node/lib/heartbeat_node/heart_exec" to ""
[1.498s] -- Up-to-date: /home/bhagwat/ros2_ws/install/heartbeat_node/share/ament_index/resource_index/package_run_dependencies/heartbeat_node
[1.498s] -- Up-to-date: /home/bhagwat/ros2_ws/install/heartbeat_node/share/ament_index/resource_index/parent_prefix_path/heartbeat_node
[1.498s] -- Up-to-date: /home/bhagwat/ros2_ws/install/heartbeat_node/share/heartbeat_node/environment/ament_prefix_path.sh
[1.498s] -- Up-to-date: /home/bhagwat/ros2_ws/install/heartbeat_node/share/heartbeat_node/environment/path.sh
[1.499s] -- Up-to-date: /home/bhagwat/ros2_ws/install/heartbeat_node/share/heartbeat_node/local_setup.bash
[1.499s] -- Up-to-date: /home/bhagwat/ros2_ws/install/heartbeat_node/share/heartbeat_node/local_setup.sh
[1.499s] -- Up-to-date: /home/bhagwat/ros2_ws/install/heartbeat_node/share/heartbeat_node/local_setup.zsh
[1.499s] -- Up-to-date: /home/bhagwat/ros2_ws/install/heartbeat_node/share/ament_index/resource_index/packages/heartbeat_node
[1.500s] -- Up-to-date: /home/bhagwat/ros2_ws/install/heartbeat_node/share/heartbeat_node/cmake/heartbeat_nodeConfig.cmake
[1.500s] -- Up-to-date: /home/bhagwat/ros2_ws/install/heartbeat_node/share/heartbeat_node/cmake/heartbeat_nodeConfig-version.cmake
[1.500s] -- Up-to-date: /home/bhagwat/ros2_ws/install/heartbeat_node/share/heartbeat_node/package.xml
[1.500s] Invoked command in '/home/bhagwat/ros2_ws/build/heartbeat_node' returned '0': CMAKE_PREFIX_PATH=/home/bhagwat/ros2_ws/install/heartbeat_node:/opt/ros/dashing:/home/bhagwat/catkin_ws/devel:/opt/ros/melodic /usr/local/bin/cmake --install /home/bhagwat/ros2_ws/build/heartbeat_node
