[0.019s] Invoking command in '/home/bhagwat/ros2_ws/build/heartbeat_node': CMAKE_PREFIX_PATH=/opt/ros/dashing:${CMAKE_PREFIX_PATH} /usr/local/bin/cmake --build /home/bhagwat/ros2_ws/build/heartbeat_node -- -j12 -l12
[0.030s] -- Found ament_cmake: 0.7.6 (/opt/ros/dashing/share/ament_cmake/cmake)
[0.048s] -- Using PYTHON_EXECUTABLE: /usr/bin/python3
[0.206s] -- Found rclcpp: 0.7.15 (/opt/ros/dashing/share/rclcpp/cmake)
[0.214s] -- Found rosidl_adapter: 0.7.10 (/opt/ros/dashing/share/rosidl_adapter/cmake)
[0.232s] -- Found rmw_implementation_cmake: 0.7.2 (/opt/ros/dashing/share/rmw_implementation_cmake/cmake)
[0.233s] -- Using RMW implementation 'rmw_fastrtps_cpp' as default
[0.247s] -- Found geometry_msgs: 0.7.0 (/opt/ros/dashing/share/geometry_msgs/cmake)
[0.254s] -- Found ament_lint_auto: 0.7.12 (/opt/ros/dashing/share/ament_lint_auto/cmake)
[0.316s] -- Added test 'copyright' to check for copyright in CMake / C / C++ / Python code
[0.316s] -- Added test 'cppcheck' to perform static code analysis on C / C++ code
[0.316s] -- Configured cppcheck include dirs: 
[0.317s] -- Added test 'cpplint' to check C / C++ code against the Google style
[0.317s] -- Added test 'lint_cmake' to check CMake code style
[0.317s] -- Added test 'uncrustify' to check C / C++ code style
[0.318s] -- Added test 'xmllint' to check XML markup files
[0.318s] -- Configuring done
[0.328s] -- Generating done
[0.329s] -- Build files have been written to: /home/bhagwat/ros2_ws/build/heartbeat_node
[0.336s] [35m[1mConsolidate compiler generated dependencies of target heart_exec[0m
[0.338s] [ 25%] [32mBuilding CXX object CMakeFiles/heart_exec_RX.dir/src/FM_RX_heartbeat.cpp.o[0m
[0.342s] [ 75%] Built target heart_exec
[1.005s] [01m[K/home/bhagwat/ros2_ws/src/heartbeat_node/src/FM_RX_heartbeat.cpp:[m[K In constructor ‘[01m[KMinimalSubscriber::MinimalSubscriber()[m[K’:
[1.005s] [01m[K/home/bhagwat/ros2_ws/src/heartbeat_node/src/FM_RX_heartbeat.cpp:16:141:[m[K [01;31m[Kerror: [m[Kno match for ‘[01m[Koperator=[m[K’ (operand types are ‘[01m[Krclcpp::Subscription<geometry_msgs::msg::Twist_<std::allocator<void> > >::SharedPtr {aka std::shared_ptr<rclcpp::Subscription<geometry_msgs::msg::Twist_<std::allocator<void> > > >}[m[K’ and ‘[01m[Kstd::shared_ptr<rclcpp::Subscription<std_msgs::msg::Int32_<std::allocator<void> >, std::allocator<void> > >[m[K’)
[1.005s]        subscriber_ = this->create_subscription<std_msgs::msg::Int32>("counter", 1, std::bind(&MinimalSubscriber::subscribe_message, this, _1)[01;31m[K)[m[K;
[1.006s]                                                                                                                                              [01;31m[K^[m[K
[1.006s] In file included from [01m[K/usr/include/c++/7/memory:81:0[m[K,
[1.006s]                  from [01m[K/home/bhagwat/ros2_ws/src/heartbeat_node/src/FM_RX_heartbeat.cpp:2[m[K:
[1.006s] [01m[K/usr/include/c++/7/bits/shared_ptr.h:296:19:[m[K [01;36m[Knote: [m[Kcandidate: std::shared_ptr<_Tp>& std::shared_ptr<_Tp>::operator=(const std::shared_ptr<_Tp>&) [with _Tp = rclcpp::Subscription<geometry_msgs::msg::Twist_<std::allocator<void> > >]
[1.006s]        shared_ptr& [01;36m[Koperator[m[K=(const shared_ptr&) noexcept = default;
[1.006s]                    [01;36m[K^~~~~~~~[m[K
[1.006s] [01m[K/usr/include/c++/7/bits/shared_ptr.h:296:19:[m[K [01;36m[Knote: [m[K  no known conversion for argument 1 from ‘[01m[Kstd::shared_ptr<rclcpp::Subscription<std_msgs::msg::Int32_<std::allocator<void> >, std::allocator<void> > >[m[K’ to ‘[01m[Kconst std::shared_ptr<rclcpp::Subscription<geometry_msgs::msg::Twist_<std::allocator<void> > > >&[m[K’
[1.006s] [01m[K/usr/include/c++/7/bits/shared_ptr.h:300:2:[m[K [01;36m[Knote: [m[Kcandidate: template<class _Yp> std::shared_ptr<_Tp>::_Assignable<const std::shared_ptr<_Yp>&> std::shared_ptr<_Tp>::operator=(const std::shared_ptr<_Yp>&) [with _Yp = _Yp; _Tp = rclcpp::Subscription<geometry_msgs::msg::Twist_<std::allocator<void> > >]
[1.006s]   [01;36m[Koperator[m[K=(const shared_ptr<_Yp>& __r) noexcept
[1.006s]   [01;36m[K^~~~~~~~[m[K
[1.006s] [01m[K/usr/include/c++/7/bits/shared_ptr.h:300:2:[m[K [01;36m[Knote: [m[K  template argument deduction/substitution failed:
[1.006s] [01m[K/usr/include/c++/7/bits/shared_ptr.h:309:2:[m[K [01;36m[Knote: [m[Kcandidate: template<class _Yp> std::shared_ptr<_Tp>::_Assignable<std::auto_ptr<_Up> > std::shared_ptr<_Tp>::operator=(std::auto_ptr<_Up>&&) [with _Yp = _Yp; _Tp = rclcpp::Subscription<geometry_msgs::msg::Twist_<std::allocator<void> > >]
[1.006s]   [01;36m[Koperator[m[K=(auto_ptr<_Yp>&& __r)
[1.006s]   [01;36m[K^~~~~~~~[m[K
[1.006s] [01m[K/usr/include/c++/7/bits/shared_ptr.h:309:2:[m[K [01;36m[Knote: [m[K  template argument deduction/substitution failed:
[1.006s] [01m[K/home/bhagwat/ros2_ws/src/heartbeat_node/src/FM_RX_heartbeat.cpp:16:141:[m[K [01;36m[Knote: [m[K  ‘[01m[Kstd::shared_ptr<rclcpp::Subscription<std_msgs::msg::Int32_<std::allocator<void> >, std::allocator<void> > >[m[K’ is not derived from ‘[01m[Kstd::auto_ptr<_Up>[m[K’
[1.006s]        subscriber_ = this->create_subscription<std_msgs::msg::Int32>("counter", 1, std::bind(&MinimalSubscriber::subscribe_message, this, _1)[01;36m[K)[m[K;
[1.007s]                                                                                                                                              [01;36m[K^[m[K
[1.007s] In file included from [01m[K/usr/include/c++/7/memory:81:0[m[K,
[1.007s]                  from [01m[K/home/bhagwat/ros2_ws/src/heartbeat_node/src/FM_RX_heartbeat.cpp:2[m[K:
[1.007s] [01m[K/usr/include/c++/7/bits/shared_ptr.h:317:7:[m[K [01;36m[Knote: [m[Kcandidate: std::shared_ptr<_Tp>& std::shared_ptr<_Tp>::operator=(std::shared_ptr<_Tp>&&) [with _Tp = rclcpp::Subscription<geometry_msgs::msg::Twist_<std::allocator<void> > >]
[1.007s]        [01;36m[Koperator[m[K=(shared_ptr&& __r) noexcept
[1.007s]        [01;36m[K^~~~~~~~[m[K
[1.007s] [01m[K/usr/include/c++/7/bits/shared_ptr.h:317:7:[m[K [01;36m[Knote: [m[K  no known conversion for argument 1 from ‘[01m[Kstd::shared_ptr<rclcpp::Subscription<std_msgs::msg::Int32_<std::allocator<void> >, std::allocator<void> > >[m[K’ to ‘[01m[Kstd::shared_ptr<rclcpp::Subscription<geometry_msgs::msg::Twist_<std::allocator<void> > > >&&[m[K’
[1.007s] [01m[K/usr/include/c++/7/bits/shared_ptr.h:325:2:[m[K [01;36m[Knote: [m[Kcandidate: template<class _Yp> std::shared_ptr<_Tp>::_Assignable<std::shared_ptr<_Yp> > std::shared_ptr<_Tp>::operator=(std::shared_ptr<_Yp>&&) [with _Yp = _Yp; _Tp = rclcpp::Subscription<geometry_msgs::msg::Twist_<std::allocator<void> > >]
[1.007s]   [01;36m[Koperator[m[K=(shared_ptr<_Yp>&& __r) noexcept
[1.007s]   [01;36m[K^~~~~~~~[m[K
[1.007s] [01m[K/usr/include/c++/7/bits/shared_ptr.h:325:2:[m[K [01;36m[Knote: [m[K  template argument deduction/substitution failed:
[1.007s] [01m[K/usr/include/c++/7/bits/shared_ptr.h:333:2:[m[K [01;36m[Knote: [m[Kcandidate: template<class _Yp, class _Del> std::shared_ptr<_Tp>::_Assignable<std::unique_ptr<_Up, _Ep> > std::shared_ptr<_Tp>::operator=(std::unique_ptr<_Up, _Ep>&&) [with _Yp = _Yp; _Del = _Del; _Tp = rclcpp::Subscription<geometry_msgs::msg::Twist_<std::allocator<void> > >]
[1.007s]   [01;36m[Koperator[m[K=(unique_ptr<_Yp, _Del>&& __r)
[1.007s]   [01;36m[K^~~~~~~~[m[K
[1.007s] [01m[K/usr/include/c++/7/bits/shared_ptr.h:333:2:[m[K [01;36m[Knote: [m[K  template argument deduction/substitution failed:
[1.007s] [01m[K/home/bhagwat/ros2_ws/src/heartbeat_node/src/FM_RX_heartbeat.cpp:16:141:[m[K [01;36m[Knote: [m[K  ‘[01m[Kstd::shared_ptr<rclcpp::Subscription<std_msgs::msg::Int32_<std::allocator<void> >, std::allocator<void> > >[m[K’ is not derived from ‘[01m[Kstd::unique_ptr<_Tp, _Dp>[m[K’
[1.008s]        subscriber_ = this->create_subscription<std_msgs::msg::Int32>("counter", 1, std::bind(&MinimalSubscriber::subscribe_message, this, _1)[01;36m[K)[m[K;
[1.008s]                                                                                                                                              [01;36m[K^[m[K
[1.008s] [01m[K/home/bhagwat/ros2_ws/src/heartbeat_node/src/FM_RX_heartbeat.cpp:[m[K In member function ‘[01m[Kvoid MinimalSubscriber::subscribe_message(std_msgs::msg::Int32_<std::allocator<void> >::SharedPtr) const[m[K’:
[1.008s] [01m[K/home/bhagwat/ros2_ws/src/heartbeat_node/src/FM_RX_heartbeat.cpp:25:7:[m[K [01;31m[Kerror: [m[Kexpected ‘[01m[K,[m[K’ or ‘[01m[K;[m[K’ before ‘[01m[Kstd[m[K’
[1.008s]        [01;31m[Kstd[m[K::cout<<"Value received is "<<rec1<<"\n";
[1.008s]        [01;31m[K^~~[m[K
[1.008s] [01m[K/home/bhagwat/ros2_ws/src/heartbeat_node/src/FM_RX_heartbeat.cpp:24:12:[m[K [01;35m[Kwarning: [m[Kunused variable ‘[01m[Krec1[m[K’ [[01;35m[K-Wunused-variable[m[K]
[1.008s]        auto [01;35m[Krec1[m[K = message->data
[1.008s]             [01;35m[K^~~~[m[K
[1.418s] CMakeFiles/heart_exec_RX.dir/build.make:75: recipe for target 'CMakeFiles/heart_exec_RX.dir/src/FM_RX_heartbeat.cpp.o' failed
[1.418s] make[2]: *** [CMakeFiles/heart_exec_RX.dir/src/FM_RX_heartbeat.cpp.o] Error 1
[1.418s] CMakeFiles/Makefile2:137: recipe for target 'CMakeFiles/heart_exec_RX.dir/all' failed
[1.418s] make[1]: *** [CMakeFiles/heart_exec_RX.dir/all] Error 2
[1.418s] Makefile:145: recipe for target 'all' failed
[1.418s] make: *** [all] Error 2
[1.419s] Invoked command in '/home/bhagwat/ros2_ws/build/heartbeat_node' returned '2': CMAKE_PREFIX_PATH=/opt/ros/dashing:${CMAKE_PREFIX_PATH} /usr/local/bin/cmake --build /home/bhagwat/ros2_ws/build/heartbeat_node -- -j12 -l12
