[01m[K/home/bhagwat/ros2_ws/src/heartbeat_node/src/FM_RX_heartbeat.cpp:[m[K In constructor ‘[01m[KMinimalSubscriber::MinimalSubscriber()[m[K’:
[01m[K/home/bhagwat/ros2_ws/src/heartbeat_node/src/FM_RX_heartbeat.cpp:16:78:[m[K [01;31m[Kerror: [m[Kno matching function for call to ‘[01m[KMinimalSubscriber::create_subscription<std_msgs::msg::Int32>(const char [8])[m[K’
       subscriber_ = this->create_subscription<std_msgs::msg::Int32>("counter"[01;31m[K)[m[K;
                                                                              [01;31m[K^[m[K
In file included from [01m[K/opt/ros/dashing/include/rclcpp/executors/single_threaded_executor.hpp:28:0[m[K,
                 from [01m[K/opt/ros/dashing/include/rclcpp/executors.hpp:22[m[K,
                 from [01m[K/opt/ros/dashing/include/rclcpp/rclcpp.hpp:144[m[K,
                 from [01m[K/home/bhagwat/ros2_ws/src/heartbeat_node/src/FM_RX_heartbeat.cpp:3[m[K:
[01m[K/opt/ros/dashing/include/rclcpp/node.hpp:242:3:[m[K [01;36m[Knote: [m[Kcandidate: template<class MessageT, class CallbackT, class AllocatorT, class SubscriptionT> std::shared_ptr<SubscriptionT> rclcpp::Node::create_subscription(const string&, const rclcpp::QoS&, CallbackT&&, const rclcpp::SubscriptionOptionsWithAllocator<AllocatorT>&, typename rclcpp::message_memory_strategy::MessageMemoryStrategy<typename rclcpp::subscription_traits::has_message_type<CallbackT>::type, AllocatorT>::SharedPtr)
   [01;36m[Kcreate_subscription[m[K(
   [01;36m[K^~~~~~~~~~~~~~~~~~~[m[K
[01m[K/opt/ros/dashing/include/rclcpp/node.hpp:242:3:[m[K [01;36m[Knote: [m[K  template argument deduction/substitution failed:
[01m[K/home/bhagwat/ros2_ws/src/heartbeat_node/src/FM_RX_heartbeat.cpp:16:78:[m[K [01;36m[Knote: [m[K  candidate expects 5 arguments, 1 provided
       subscriber_ = this->create_subscription<std_msgs::msg::Int32>("counter"[01;36m[K)[m[K;
                                                                              [01;36m[K^[m[K
In file included from [01m[K/opt/ros/dashing/include/rclcpp/executors/single_threaded_executor.hpp:28:0[m[K,
                 from [01m[K/opt/ros/dashing/include/rclcpp/executors.hpp:22[m[K,
                 from [01m[K/opt/ros/dashing/include/rclcpp/rclcpp.hpp:144[m[K,
                 from [01m[K/home/bhagwat/ros2_ws/src/heartbeat_node/src/FM_RX_heartbeat.cpp:3[m[K:
[01m[K/opt/ros/dashing/include/rclcpp/node.hpp:279:3:[m[K [01;36m[Knote: [m[Kcandidate: template<class MessageT, class CallbackT, class Alloc, class SubscriptionT> std::shared_ptr<SubscriptionT> rclcpp::Node::create_subscription(const string&, CallbackT&&, const rmw_qos_profile_t&, rclcpp::callback_group::CallbackGroup::SharedPtr, bool, typename rclcpp::message_memory_strategy::MessageMemoryStrategy<typename rclcpp::subscription_traits::has_message_type<CallbackT>::type, AllocatorT>::SharedPtr, std::shared_ptr<PublisherT>)
   [01;36m[Kcreate_subscription[m[K(
   [01;36m[K^~~~~~~~~~~~~~~~~~~[m[K
[01m[K/opt/ros/dashing/include/rclcpp/node.hpp:279:3:[m[K [01;36m[Knote: [m[K  template argument deduction/substitution failed:
[01m[K/home/bhagwat/ros2_ws/src/heartbeat_node/src/FM_RX_heartbeat.cpp:16:78:[m[K [01;36m[Knote: [m[K  candidate expects 7 arguments, 1 provided
       subscriber_ = this->create_subscription<std_msgs::msg::Int32>("counter"[01;36m[K)[m[K;
                                                                              [01;36m[K^[m[K
In file included from [01m[K/opt/ros/dashing/include/rclcpp/executors/single_threaded_executor.hpp:28:0[m[K,
                 from [01m[K/opt/ros/dashing/include/rclcpp/executors.hpp:22[m[K,
                 from [01m[K/opt/ros/dashing/include/rclcpp/rclcpp.hpp:144[m[K,
                 from [01m[K/home/bhagwat/ros2_ws/src/heartbeat_node/src/FM_RX_heartbeat.cpp:3[m[K:
[01m[K/opt/ros/dashing/include/rclcpp/node.hpp:316:3:[m[K [01;36m[Knote: [m[Kcandidate: template<class MessageT, class CallbackT, class Alloc, class SubscriptionT> std::shared_ptr<SubscriptionT> rclcpp::Node::create_subscription(const string&, CallbackT&&, size_t, rclcpp::callback_group::CallbackGroup::SharedPtr, bool, typename rclcpp::message_memory_strategy::MessageMemoryStrategy<typename rclcpp::subscription_traits::has_message_type<CallbackT>::type, AllocatorT>::SharedPtr, std::shared_ptr<PublisherT>)
   [01;36m[Kcreate_subscription[m[K(
   [01;36m[K^~~~~~~~~~~~~~~~~~~[m[K
[01m[K/opt/ros/dashing/include/rclcpp/node.hpp:316:3:[m[K [01;36m[Knote: [m[K  template argument deduction/substitution failed:
[01m[K/home/bhagwat/ros2_ws/src/heartbeat_node/src/FM_RX_heartbeat.cpp:16:78:[m[K [01;36m[Knote: [m[K  candidate expects 7 arguments, 1 provided
       subscriber_ = this->create_subscription<std_msgs::msg::Int32>("counter"[01;36m[K)[m[K;
                                                                              [01;36m[K^[m[K
make[2]: *** [CMakeFiles/heart_exec_RX.dir/src/FM_RX_heartbeat.cpp.o] Error 1
make[1]: *** [CMakeFiles/heart_exec_RX.dir/all] Error 2
make: *** [all] Error 2
