[35m[1mConsolidate compiler generated dependencies of target heart_exec_RX[0m
[ 50%] Built target heart_exec_TX
[ 75%] [32mBuilding CXX object CMakeFiles/heart_exec_RX.dir/src/FM_RX_heartbeat.cpp.o[0m
[100%] [32m[1mLinking CXX executable heart_exec_RX[0m
[100%] Built target heart_exec_RX
-- Install configuration: ""
-- Up-to-date: /home/bhagwat/ros2_ws/install/heartbeat_node/lib/heartbeat_node/heart_exec_TX
-- Installing: /home/bhagwat/ros2_ws/install/heartbeat_node/lib/heartbeat_node/heart_exec_RX
-- Set runtime path of "/home/bhagwat/ros2_ws/install/heartbeat_node/lib/heartbeat_node/heart_exec_RX" to ""
-- Up-to-date: /home/bhagwat/ros2_ws/install/heartbeat_node/share/ament_index/resource_index/package_run_dependencies/heartbeat_node
-- Up-to-date: /home/bhagwat/ros2_ws/install/heartbeat_node/share/ament_index/resource_index/parent_prefix_path/heartbeat_node
-- Up-to-date: /home/bhagwat/ros2_ws/install/heartbeat_node/share/heartbeat_node/environment/ament_prefix_path.sh
-- Up-to-date: /home/bhagwat/ros2_ws/install/heartbeat_node/share/heartbeat_node/environment/path.sh
-- Up-to-date: /home/bhagwat/ros2_ws/install/heartbeat_node/share/heartbeat_node/local_setup.bash
-- Up-to-date: /home/bhagwat/ros2_ws/install/heartbeat_node/share/heartbeat_node/local_setup.sh
-- Up-to-date: /home/bhagwat/ros2_ws/install/heartbeat_node/share/heartbeat_node/local_setup.zsh
-- Up-to-date: /home/bhagwat/ros2_ws/install/heartbeat_node/share/ament_index/resource_index/packages/heartbeat_node
-- Up-to-date: /home/bhagwat/ros2_ws/install/heartbeat_node/share/heartbeat_node/cmake/heartbeat_nodeConfig.cmake
-- Up-to-date: /home/bhagwat/ros2_ws/install/heartbeat_node/share/heartbeat_node/cmake/heartbeat_nodeConfig-version.cmake
-- Up-to-date: /home/bhagwat/ros2_ws/install/heartbeat_node/share/heartbeat_node/package.xml
