[0.018s] Invoking command in '/home/bhagwat/ros2_ws/build/heartbeat_node': CMAKE_PREFIX_PATH=/home/bhagwat/ros2_ws/install/heartbeat_node:/opt/ros/dashing:/home/bhagwat/catkin_ws/devel:/opt/ros/melodic /usr/local/bin/cmake --build /home/bhagwat/ros2_ws/build/heartbeat_node -- -j12 -l12
[0.036s] [ 50%] [32mBuilding CXX object CMakeFiles/heart_exec.dir/src/FM_TX_heartbeat.cpp.o[0m
[0.625s] [01m[K/home/bhagwat/ros2_ws/src/heartbeat_node/src/FM_TX_heartbeat.cpp:[m[K In constructor ‘[01m[KMinimalPublisher::MinimalPublisher()[m[K’:
[0.625s] [01m[K/home/bhagwat/ros2_ws/src/heartbeat_node/src/FM_TX_heartbeat.cpp:15:74:[m[K [01;35m[Kwarning: [m[K‘[01m[Kstd::shared_ptr<PublisherT> rclcpp::Node::create_publisher(const string&, const rmw_qos_profile_t&, std::shared_ptr<_Up>) [with MessageT = std_msgs::msg::Int32_<std::allocator<void> >; AllocatorT = std::allocator<void>; PublisherT = rclcpp::Publisher<std_msgs::msg::Int32_<std::allocator<void> > >; std::__cxx11::string = std::__cxx11::basic_string<char>; rmw_qos_profile_t = rmw_qos_profile_t][m[K’ is deprecated: use create_publisher(const std::string &, const rclcpp::QoS &, ...) instead [[01;35m[K-Wdeprecated-declarations[m[K]
[0.626s]        publisher_ = this->create_publisher<std_msgs::msg::Int32>("counter"[01;35m[K)[m[K;
[0.626s]                                                                           [01;35m[K^[m[K
[0.626s] In file included from [01m[K/opt/ros/dashing/include/rclcpp/node.hpp:1219:0[m[K,
[0.626s]                  from [01m[K/opt/ros/dashing/include/rclcpp/executors/single_threaded_executor.hpp:28[m[K,
[0.626s]                  from [01m[K/opt/ros/dashing/include/rclcpp/executors.hpp:22[m[K,
[0.626s]                  from [01m[K/opt/ros/dashing/include/rclcpp/rclcpp.hpp:144[m[K,
[0.626s]                  from [01m[K/home/bhagwat/ros2_ws/src/heartbeat_node/src/FM_TX_heartbeat.cpp:3[m[K:
[0.626s] [01m[K/opt/ros/dashing/include/rclcpp/node_impl.hpp:96:1:[m[K [01;36m[Knote: [m[Kdeclared here
[0.626s]  [01;36m[KNode[m[K::create_publisher(
[0.626s]  [01;36m[K^~~~[m[K
[0.646s] [01m[K/home/bhagwat/ros2_ws/src/heartbeat_node/src/FM_TX_heartbeat.cpp:[m[K In member function ‘[01m[Kvoid MinimalPublisher::publish_message()[m[K’:
[0.646s] [01m[K/home/bhagwat/ros2_ws/src/heartbeat_node/src/FM_TX_heartbeat.cpp:27:34:[m[K [01;35m[Kwarning: [m[K‘[01m[Kvoid rclcpp::Publisher<MessageT, Alloc>::publish(const std::shared_ptr<const _Tp>&) [with MessageT = std_msgs::msg::Int32_<std::allocator<void> >; Alloc = std::allocator<void>][m[K’ is deprecated: publishing an unique_ptr is prefered when using intra process communication. If using a shared_ptr, use publish(*msg). [[01;35m[K-Wdeprecated-declarations[m[K]
[0.646s]        publisher_->publish(message[01;35m[K)[m[K;
[0.646s]                                   [01;35m[K^[m[K
[0.646s] In file included from [01m[K/opt/ros/dashing/include/rclcpp/callback_group.hpp:24:0[m[K,
[0.646s]                  from [01m[K/opt/ros/dashing/include/rclcpp/any_executable.hpp:20[m[K,
[0.646s]                  from [01m[K/opt/ros/dashing/include/rclcpp/memory_strategy.hpp:24[m[K,
[0.647s]                  from [01m[K/opt/ros/dashing/include/rclcpp/memory_strategies.hpp:18[m[K,
[0.647s]                  from [01m[K/opt/ros/dashing/include/rclcpp/executor.hpp:33[m[K,
[0.647s]                  from [01m[K/opt/ros/dashing/include/rclcpp/executors/multi_threaded_executor.hpp:24[m[K,
[0.647s]                  from [01m[K/opt/ros/dashing/include/rclcpp/executors.hpp:21[m[K,
[0.647s]                  from [01m[K/opt/ros/dashing/include/rclcpp/rclcpp.hpp:144[m[K,
[0.647s]                  from [01m[K/home/bhagwat/ros2_ws/src/heartbeat_node/src/FM_TX_heartbeat.cpp:3[m[K:
[0.647s] [01m[K/opt/ros/dashing/include/rclcpp/publisher.hpp:137:3:[m[K [01;36m[Knote: [m[Kdeclared here
[0.647s]    [01;36m[Kpublish[m[K(const std::shared_ptr<const MessageT> & msg)
[0.647s]    [01;36m[K^~~~~~~[m[K
[1.362s] [100%] [32m[1mLinking CXX executable heart_exec[0m
[1.439s] [100%] Built target heart_exec
[1.442s] Invoked command in '/home/bhagwat/ros2_ws/build/heartbeat_node' returned '0': CMAKE_PREFIX_PATH=/home/bhagwat/ros2_ws/install/heartbeat_node:/opt/ros/dashing:/home/bhagwat/catkin_ws/devel:/opt/ros/melodic /usr/local/bin/cmake --build /home/bhagwat/ros2_ws/build/heartbeat_node -- -j12 -l12
[1.457s] Invoking command in '/home/bhagwat/ros2_ws/build/heartbeat_node': CMAKE_PREFIX_PATH=/home/bhagwat/ros2_ws/install/heartbeat_node:/opt/ros/dashing:/home/bhagwat/catkin_ws/devel:/opt/ros/melodic /usr/local/bin/cmake --install /home/bhagwat/ros2_ws/build/heartbeat_node
[1.460s] -- Install configuration: ""
[1.460s] -- Installing: /home/bhagwat/ros2_ws/install/heartbeat_node/lib/heartbeat_node/heart_exec
[1.460s] -- Set runtime path of "/home/bhagwat/ros2_ws/install/heartbeat_node/lib/heartbeat_node/heart_exec" to ""
[1.461s] -- Up-to-date: /home/bhagwat/ros2_ws/install/heartbeat_node/share/ament_index/resource_index/package_run_dependencies/heartbeat_node
[1.461s] -- Up-to-date: /home/bhagwat/ros2_ws/install/heartbeat_node/share/ament_index/resource_index/parent_prefix_path/heartbeat_node
[1.461s] -- Up-to-date: /home/bhagwat/ros2_ws/install/heartbeat_node/share/heartbeat_node/environment/ament_prefix_path.sh
[1.461s] -- Up-to-date: /home/bhagwat/ros2_ws/install/heartbeat_node/share/heartbeat_node/environment/path.sh
[1.461s] -- Up-to-date: /home/bhagwat/ros2_ws/install/heartbeat_node/share/heartbeat_node/local_setup.bash
[1.461s] -- Up-to-date: /home/bhagwat/ros2_ws/install/heartbeat_node/share/heartbeat_node/local_setup.sh
[1.461s] -- Up-to-date: /home/bhagwat/ros2_ws/install/heartbeat_node/share/heartbeat_node/local_setup.zsh
[1.461s] -- Up-to-date: /home/bhagwat/ros2_ws/install/heartbeat_node/share/ament_index/resource_index/packages/heartbeat_node
[1.461s] -- Up-to-date: /home/bhagwat/ros2_ws/install/heartbeat_node/share/heartbeat_node/cmake/heartbeat_nodeConfig.cmake
[1.462s] -- Up-to-date: /home/bhagwat/ros2_ws/install/heartbeat_node/share/heartbeat_node/cmake/heartbeat_nodeConfig-version.cmake
[1.463s] -- Up-to-date: /home/bhagwat/ros2_ws/install/heartbeat_node/share/heartbeat_node/package.xml
[1.463s] Invoked command in '/home/bhagwat/ros2_ws/build/heartbeat_node' returned '0': CMAKE_PREFIX_PATH=/home/bhagwat/ros2_ws/install/heartbeat_node:/opt/ros/dashing:/home/bhagwat/catkin_ws/devel:/opt/ros/melodic /usr/local/bin/cmake --install /home/bhagwat/ros2_ws/build/heartbeat_node
