[0.024s] Invoking command in '/home/bhagwat/ros2_ws/build/heartbeat_node': CMAKE_PREFIX_PATH=/opt/ros/dashing:${CMAKE_PREFIX_PATH} /usr/local/bin/cmake /home/bhagwat/ros2_ws/src/heartbeat_node -DCMAKE_INSTALL_PREFIX=/home/bhagwat/ros2_ws/install/heartbeat_node
[0.032s] -- Found ament_cmake: 0.7.6 (/opt/ros/dashing/share/ament_cmake/cmake)
[0.058s] -- Using PYTHON_EXECUTABLE: /usr/bin/python3
[0.264s] -- Found rclcpp: 0.7.15 (/opt/ros/dashing/share/rclcpp/cmake)
[0.275s] -- Found rosidl_adapter: 0.7.10 (/opt/ros/dashing/share/rosidl_adapter/cmake)
[0.301s] -- Found rmw_implementation_cmake: 0.7.2 (/opt/ros/dashing/share/rmw_implementation_cmake/cmake)
[0.302s] -- Using RMW implementation 'rmw_fastrtps_cpp' as default
[0.323s] -- Found geometry_msgs: 0.7.0 (/opt/ros/dashing/share/geometry_msgs/cmake)
[0.332s] -- Found ament_lint_auto: 0.7.12 (/opt/ros/dashing/share/ament_lint_auto/cmake)
[0.409s] -- Added test 'copyright' to check for copyright in CMake / C / C++ / Python code
[0.410s] -- Added test 'cppcheck' to perform static code analysis on C / C++ code
[0.410s] -- Configured cppcheck include dirs: 
[0.411s] -- Added test 'cpplint' to check C / C++ code against the Google style
[0.412s] -- Added test 'lint_cmake' to check CMake code style
[0.413s] -- Added test 'uncrustify' to check C / C++ code style
[0.413s] -- Added test 'xmllint' to check XML markup files
[0.414s] -- Configuring done
[0.438s] -- Generating done
[0.439s] -- Build files have been written to: /home/bhagwat/ros2_ws/build/heartbeat_node
[0.442s] Invoked command in '/home/bhagwat/ros2_ws/build/heartbeat_node' returned '0': CMAKE_PREFIX_PATH=/opt/ros/dashing:${CMAKE_PREFIX_PATH} /usr/local/bin/cmake /home/bhagwat/ros2_ws/src/heartbeat_node -DCMAKE_INSTALL_PREFIX=/home/bhagwat/ros2_ws/install/heartbeat_node
[0.446s] Invoking command in '/home/bhagwat/ros2_ws/build/heartbeat_node': CMAKE_PREFIX_PATH=/opt/ros/dashing:${CMAKE_PREFIX_PATH} /usr/local/bin/cmake --build /home/bhagwat/ros2_ws/build/heartbeat_node -- -j12 -l12
[0.467s] [ 50%] [32mBuilding CXX object CMakeFiles/heart_exec.dir/src/FM_TX_heartbeat.cpp.o[0m
[2.300s] [100%] [32m[1mLinking CXX executable heart_exec[0m
[2.421s] [100%] Built target heart_exec
[2.427s] Invoked command in '/home/bhagwat/ros2_ws/build/heartbeat_node' returned '0': CMAKE_PREFIX_PATH=/opt/ros/dashing:${CMAKE_PREFIX_PATH} /usr/local/bin/cmake --build /home/bhagwat/ros2_ws/build/heartbeat_node -- -j12 -l12
[2.450s] Invoking command in '/home/bhagwat/ros2_ws/build/heartbeat_node': CMAKE_PREFIX_PATH=/opt/ros/dashing:${CMAKE_PREFIX_PATH} /usr/local/bin/cmake --install /home/bhagwat/ros2_ws/build/heartbeat_node
[2.453s] -- Install configuration: ""
[2.453s] -- Installing: /home/bhagwat/ros2_ws/install/heartbeat_node/lib/heartbeat_node/heart_exec
[2.454s] -- Set runtime path of "/home/bhagwat/ros2_ws/install/heartbeat_node/lib/heartbeat_node/heart_exec" to ""
[2.454s] -- Installing: /home/bhagwat/ros2_ws/install/heartbeat_node/share/ament_index/resource_index/package_run_dependencies/heartbeat_node
[2.454s] -- Installing: /home/bhagwat/ros2_ws/install/heartbeat_node/share/ament_index/resource_index/parent_prefix_path/heartbeat_node
[2.454s] -- Installing: /home/bhagwat/ros2_ws/install/heartbeat_node/share/heartbeat_node/environment/ament_prefix_path.sh
[2.455s] -- Installing: /home/bhagwat/ros2_ws/install/heartbeat_node/share/heartbeat_node/environment/path.sh
[2.455s] -- Installing: /home/bhagwat/ros2_ws/install/heartbeat_node/share/heartbeat_node/local_setup.bash
[2.456s] -- Installing: /home/bhagwat/ros2_ws/install/heartbeat_node/share/heartbeat_node/local_setup.sh
[2.456s] -- Installing: /home/bhagwat/ros2_ws/install/heartbeat_node/share/heartbeat_node/local_setup.zsh
[2.456s] -- Installing: /home/bhagwat/ros2_ws/install/heartbeat_node/share/ament_index/resource_index/packages/heartbeat_node
[2.456s] -- Installing: /home/bhagwat/ros2_ws/install/heartbeat_node/share/heartbeat_node/cmake/heartbeat_nodeConfig.cmake
[2.456s] -- Installing: /home/bhagwat/ros2_ws/install/heartbeat_node/share/heartbeat_node/cmake/heartbeat_nodeConfig-version.cmake
[2.457s] -- Installing: /home/bhagwat/ros2_ws/install/heartbeat_node/share/heartbeat_node/package.xml
[2.459s] Invoked command in '/home/bhagwat/ros2_ws/build/heartbeat_node' returned '0': CMAKE_PREFIX_PATH=/opt/ros/dashing:${CMAKE_PREFIX_PATH} /usr/local/bin/cmake --install /home/bhagwat/ros2_ws/build/heartbeat_node
