[0.018s] Invoking command in '/home/bhagwat/ros2_ws/build/heartbeat_node': CMAKE_PREFIX_PATH=/home/bhagwat/ros2_ws/install/heartbeat_node:/opt/ros/dashing:/home/bhagwat/catkin_ws/devel:/opt/ros/melodic /usr/local/bin/cmake --build /home/bhagwat/ros2_ws/build/heartbeat_node -- -j12 -l12
[0.030s] [35m[1mConsolidate compiler generated dependencies of target heart_exec[0m
[0.036s] [ 50%] [32mBuilding CXX object CMakeFiles/heart_exec.dir/src/FM_TX_heartbeat.cpp.o[0m
[0.618s] [01m[K/home/bhagwat/ros2_ws/src/heartbeat_node/src/FM_TX_heartbeat.cpp:[m[K In constructor ‘[01m[KMinimalPublisher::MinimalPublisher()[m[K’:
[0.619s] [01m[K/home/bhagwat/ros2_ws/src/heartbeat_node/src/FM_TX_heartbeat.cpp:15:74:[m[K [01;35m[Kwarning: [m[K‘[01m[Kstd::shared_ptr<PublisherT> rclcpp::Node::create_publisher(const string&, const rmw_qos_profile_t&, std::shared_ptr<_Up>) [with MessageT = std_msgs::msg::Int32_<std::allocator<void> >; AllocatorT = std::allocator<void>; PublisherT = rclcpp::Publisher<std_msgs::msg::Int32_<std::allocator<void> > >; std::__cxx11::string = std::__cxx11::basic_string<char>; rmw_qos_profile_t = rmw_qos_profile_t][m[K’ is deprecated: use create_publisher(const std::string &, const rclcpp::QoS &, ...) instead [[01;35m[K-Wdeprecated-declarations[m[K]
[0.619s]        publisher_ = this->create_publisher<std_msgs::msg::Int32>("counter"[01;35m[K)[m[K;
[0.619s]                                                                           [01;35m[K^[m[K
[0.619s] In file included from [01m[K/opt/ros/dashing/include/rclcpp/node.hpp:1219:0[m[K,
[0.619s]                  from [01m[K/opt/ros/dashing/include/rclcpp/executors/single_threaded_executor.hpp:28[m[K,
[0.619s]                  from [01m[K/opt/ros/dashing/include/rclcpp/executors.hpp:22[m[K,
[0.619s]                  from [01m[K/opt/ros/dashing/include/rclcpp/rclcpp.hpp:144[m[K,
[0.619s]                  from [01m[K/home/bhagwat/ros2_ws/src/heartbeat_node/src/FM_TX_heartbeat.cpp:3[m[K:
[0.619s] [01m[K/opt/ros/dashing/include/rclcpp/node_impl.hpp:96:1:[m[K [01;36m[Knote: [m[Kdeclared here
[0.619s]  [01;36m[KNode[m[K::create_publisher(
[0.619s]  [01;36m[K^~~~[m[K
[0.632s] In file included from [01m[K/opt/ros/dashing/include/rclcpp/client.hpp:39:0[m[K,
[0.632s]                  from [01m[K/opt/ros/dashing/include/rclcpp/callback_group.hpp:23[m[K,
[0.632s]                  from [01m[K/opt/ros/dashing/include/rclcpp/any_executable.hpp:20[m[K,
[0.632s]                  from [01m[K/opt/ros/dashing/include/rclcpp/memory_strategy.hpp:24[m[K,
[0.632s]                  from [01m[K/opt/ros/dashing/include/rclcpp/memory_strategies.hpp:18[m[K,
[0.632s]                  from [01m[K/opt/ros/dashing/include/rclcpp/executor.hpp:33[m[K,
[0.632s]                  from [01m[K/opt/ros/dashing/include/rclcpp/executors/multi_threaded_executor.hpp:24[m[K,
[0.632s]                  from [01m[K/opt/ros/dashing/include/rclcpp/executors.hpp:21[m[K,
[0.632s]                  from [01m[K/opt/ros/dashing/include/rclcpp/rclcpp.hpp:144[m[K,
[0.632s]                  from [01m[K/home/bhagwat/ros2_ws/src/heartbeat_node/src/FM_TX_heartbeat.cpp:3[m[K:
[0.632s] [01m[K/home/bhagwat/ros2_ws/src/heartbeat_node/src/FM_TX_heartbeat.cpp:[m[K In member function ‘[01m[Kvoid MinimalPublisher::publish_message()[m[K’:
[0.632s] [01m[K/home/bhagwat/ros2_ws/src/heartbeat_node/src/FM_TX_heartbeat.cpp:28:82:[m[K [01;31m[Kerror: [m[K‘[01m[Kclass std::shared_ptr<std_msgs::msg::Int32_<std::allocator<void> > >[m[K’ has no member named ‘[01m[Kdata[m[K’
[0.632s]  LCPP_INFO(this->get_logger(), "Sending heartbeat counter: '%f'", message.[01;31m[Kd[m[Kata);
[0.633s]                                                                           [01;31m[K^[m[K
[0.633s] [01m[K/opt/ros/dashing/include/rcutils/logging_macros.h:72:64:[m[K [01;36m[Knote: [m[Kin definition of macro ‘[01m[KRCUTILS_LOG_COND_NAMED[m[K’
[0.633s]        rcutils_log(&__rcutils_logging_location, severity, name, [01;36m[K__VA_ARGS__[m[K); \
[0.633s]                                                                 [01;36m[K^~~~~~~~~~~[m[K
[0.633s] [01m[K/opt/ros/dashing/include/rclcpp/logging.hpp:218:5:[m[K [01;36m[Knote: [m[Kin expansion of macro ‘[01m[KRCUTILS_LOG_INFO_NAMED[m[K’
[0.633s]      [01;36m[KRCUTILS_LOG_INFO_NAMED[m[K( \
[0.633s]      [01;36m[K^~~~~~~~~~~~~~~~~~~~~~[m[K
[0.633s] [01m[K/opt/ros/dashing/include/rclcpp/logging.hpp:221:9:[m[K [01;36m[Knote: [m[Kin expansion of macro ‘[01m[KRCLCPP_ALL_BUT_FIRST_ARGS[m[K’
[0.633s]          [01;36m[KRCLCPP_ALL_BUT_FIRST_ARGS[m[K(__VA_ARGS__,"")); \
[0.633s]          [01;36m[K^~~~~~~~~~~~~~~~~~~~~~~~~[m[K
[0.633s] [01m[K/home/bhagwat/ros2_ws/src/heartbeat_node/src/FM_TX_heartbeat.cpp:28:7:[m[K [01;36m[Knote: [m[Kin expansion of macro ‘[01m[KRCLCPP_INFO[m[K’
[0.633s]        [01;36m[KRCLCPP_INFO[m[K(this->get_logger(), "Sending heartbeat counter: '%f'", message.data);
[0.633s]        [01;36m[K^~~~~~~~~~~[m[K
[0.633s] [01m[K/home/bhagwat/ros2_ws/src/heartbeat_node/src/FM_TX_heartbeat.cpp:30:7:[m[K [01;31m[Kerror: [m[K‘[01m[Kclass std::shared_ptr<std_msgs::msg::Int32_<std::allocator<void> > >[m[K’ has no member named ‘[01m[Ki[m[K’
[0.633s]        [01;31m[Ki[m[K += 1;
[0.633s]        [01;31m[K^[m[K
[0.881s] CMakeFiles/heart_exec.dir/build.make:75: recipe for target 'CMakeFiles/heart_exec.dir/src/FM_TX_heartbeat.cpp.o' failed
[0.881s] CMakeFiles/Makefile2:83: recipe for target 'CMakeFiles/heart_exec.dir/all' failed
[0.881s] make[2]: *** [CMakeFiles/heart_exec.dir/src/FM_TX_heartbeat.cpp.o] Error 1
[0.881s] make[1]: *** [CMakeFiles/heart_exec.dir/all] Error 2
[0.882s] Makefile:145: recipe for target 'all' failed
[0.882s] make: *** [all] Error 2
[0.883s] Invoked command in '/home/bhagwat/ros2_ws/build/heartbeat_node' returned '2': CMAKE_PREFIX_PATH=/home/bhagwat/ros2_ws/install/heartbeat_node:/opt/ros/dashing:/home/bhagwat/catkin_ws/devel:/opt/ros/melodic /usr/local/bin/cmake --build /home/bhagwat/ros2_ws/build/heartbeat_node -- -j12 -l12
